17:18:50: [INFO] [C:\Users\jason\Desktop\autonomy-bootcamp-2025-p2\modules\heartbeat\heartbeat_receiver_worker.py | heartbeat_receiver_worker | 46] Logger initialized
17:18:50: [INFO] [C:\Users\jason\Desktop\autonomy-bootcamp-2025-p2\modules\heartbeat\heartbeat_receiver_worker.py | heartbeat_receiver_worker | 59] HeartbeatReceiver created
17:18:50: [INFO] [C:\Users\jason\Desktop\autonomy-bootcamp-2025-p2\modules\heartbeat\heartbeat_receiver.py | run | 61] Received heartbeat
17:18:50: [INFO] [C:\Users\jason\Desktop\autonomy-bootcamp-2025-p2\modules\heartbeat\heartbeat_receiver_worker.py | heartbeat_receiver_worker | 67] Status: Connected
17:18:51: [INFO] [C:\Users\jason\Desktop\autonomy-bootcamp-2025-p2\modules\heartbeat\heartbeat_receiver.py | run | 61] Received heartbeat
17:18:51: [INFO] [C:\Users\jason\Desktop\autonomy-bootcamp-2025-p2\modules\heartbeat\heartbeat_receiver_worker.py | heartbeat_receiver_worker | 67] Status: Connected
17:18:52: [WARNING] [C:\Users\jason\Desktop\autonomy-bootcamp-2025-p2\modules\heartbeat\heartbeat_receiver.py | run | 65] Missed heartbeat (count: 1)
17:18:52: [INFO] [C:\Users\jason\Desktop\autonomy-bootcamp-2025-p2\modules\heartbeat\heartbeat_receiver_worker.py | heartbeat_receiver_worker | 67] Status: Connected
17:18:52: [INFO] [C:\Users\jason\Desktop\autonomy-bootcamp-2025-p2\modules\heartbeat\heartbeat_receiver.py | run | 61] Received heartbeat
17:18:52: [INFO] [C:\Users\jason\Desktop\autonomy-bootcamp-2025-p2\modules\heartbeat\heartbeat_receiver_worker.py | heartbeat_receiver_worker | 67] Status: Connected
17:18:53: [WARNING] [C:\Users\jason\Desktop\autonomy-bootcamp-2025-p2\modules\heartbeat\heartbeat_receiver.py | run | 65] Missed heartbeat (count: 1)
17:18:53: [INFO] [C:\Users\jason\Desktop\autonomy-bootcamp-2025-p2\modules\heartbeat\heartbeat_receiver_worker.py | heartbeat_receiver_worker | 67] Status: Connected
17:18:53: [INFO] [C:\Users\jason\Desktop\autonomy-bootcamp-2025-p2\modules\heartbeat\heartbeat_receiver.py | run | 61] Received heartbeat
17:18:53: [INFO] [C:\Users\jason\Desktop\autonomy-bootcamp-2025-p2\modules\heartbeat\heartbeat_receiver_worker.py | heartbeat_receiver_worker | 67] Status: Connected
17:18:54: [INFO] [C:\Users\jason\Desktop\autonomy-bootcamp-2025-p2\modules\heartbeat\heartbeat_receiver.py | run | 61] Received heartbeat
17:18:54: [INFO] [C:\Users\jason\Desktop\autonomy-bootcamp-2025-p2\modules\heartbeat\heartbeat_receiver_worker.py | heartbeat_receiver_worker | 67] Status: Connected
17:18:55: [WARNING] [C:\Users\jason\Desktop\autonomy-bootcamp-2025-p2\modules\heartbeat\heartbeat_receiver.py | run | 65] Missed heartbeat (count: 1)
17:18:55: [INFO] [C:\Users\jason\Desktop\autonomy-bootcamp-2025-p2\modules\heartbeat\heartbeat_receiver_worker.py | heartbeat_receiver_worker | 67] Status: Connected
17:18:56: [WARNING] [C:\Users\jason\Desktop\autonomy-bootcamp-2025-p2\modules\heartbeat\heartbeat_receiver.py | run | 65] Missed heartbeat (count: 2)
17:18:56: [INFO] [C:\Users\jason\Desktop\autonomy-bootcamp-2025-p2\modules\heartbeat\heartbeat_receiver_worker.py | heartbeat_receiver_worker | 67] Status: Connected
17:18:57: [WARNING] [C:\Users\jason\Desktop\autonomy-bootcamp-2025-p2\modules\heartbeat\heartbeat_receiver.py | run | 65] Missed heartbeat (count: 3)
17:18:57: [INFO] [C:\Users\jason\Desktop\autonomy-bootcamp-2025-p2\modules\heartbeat\heartbeat_receiver_worker.py | heartbeat_receiver_worker | 67] Status: Connected
17:18:58: [WARNING] [C:\Users\jason\Desktop\autonomy-bootcamp-2025-p2\modules\heartbeat\heartbeat_receiver.py | run | 65] Missed heartbeat (count: 4)
17:19:10: [INFO] [C:\Users\jason\Desktop\autonomy-bootcamp-2025-p2\modules\heartbeat\heartbeat_receiver_worker.py | heartbeat_receiver_worker | 67] Status: Connected
