12:26:25: [INFO] [C:\Users\jason\Desktop\autonomy-bootcamp-2025-p2\modules\heartbeat\heartbeat_receiver_worker.py | heartbeat_receiver_worker | 46] Logger initialized
12:26:25: [INFO] [C:\Users\jason\Desktop\autonomy-bootcamp-2025-p2\modules\heartbeat\heartbeat_receiver_worker.py | heartbeat_receiver_worker | 59] HeartbeatReceiver created
12:26:25: [INFO] [C:\Users\jason\Desktop\autonomy-bootcamp-2025-p2\modules\heartbeat\heartbeat_receiver.py | run | 61] Received heartbeat
12:26:25: [INFO] [C:\Users\jason\Desktop\autonomy-bootcamp-2025-p2\modules\heartbeat\heartbeat_receiver_worker.py | heartbeat_receiver_worker | 67] Status: Connected
12:26:26: [INFO] [C:\Users\jason\Desktop\autonomy-bootcamp-2025-p2\modules\heartbeat\heartbeat_receiver.py | run | 61] Received heartbeat
12:26:26: [INFO] [C:\Users\jason\Desktop\autonomy-bootcamp-2025-p2\modules\heartbeat\heartbeat_receiver_worker.py | heartbeat_receiver_worker | 67] Status: Connected
12:26:27: [WARNING] [C:\Users\jason\Desktop\autonomy-bootcamp-2025-p2\modules\heartbeat\heartbeat_receiver.py | run | 65] Missed heartbeat (count: 1)
12:26:27: [INFO] [C:\Users\jason\Desktop\autonomy-bootcamp-2025-p2\modules\heartbeat\heartbeat_receiver_worker.py | heartbeat_receiver_worker | 67] Status: Connected
12:26:27: [INFO] [C:\Users\jason\Desktop\autonomy-bootcamp-2025-p2\modules\heartbeat\heartbeat_receiver.py | run | 61] Received heartbeat
12:26:27: [INFO] [C:\Users\jason\Desktop\autonomy-bootcamp-2025-p2\modules\heartbeat\heartbeat_receiver_worker.py | heartbeat_receiver_worker | 67] Status: Connected
12:26:28: [WARNING] [C:\Users\jason\Desktop\autonomy-bootcamp-2025-p2\modules\heartbeat\heartbeat_receiver.py | run | 65] Missed heartbeat (count: 1)
12:26:28: [INFO] [C:\Users\jason\Desktop\autonomy-bootcamp-2025-p2\modules\heartbeat\heartbeat_receiver_worker.py | heartbeat_receiver_worker | 67] Status: Connected
12:26:28: [INFO] [C:\Users\jason\Desktop\autonomy-bootcamp-2025-p2\modules\heartbeat\heartbeat_receiver.py | run | 61] Received heartbeat
12:26:28: [INFO] [C:\Users\jason\Desktop\autonomy-bootcamp-2025-p2\modules\heartbeat\heartbeat_receiver_worker.py | heartbeat_receiver_worker | 67] Status: Connected
12:26:29: [WARNING] [C:\Users\jason\Desktop\autonomy-bootcamp-2025-p2\modules\heartbeat\heartbeat_receiver.py | run | 65] Missed heartbeat (count: 1)
12:26:29: [INFO] [C:\Users\jason\Desktop\autonomy-bootcamp-2025-p2\modules\heartbeat\heartbeat_receiver_worker.py | heartbeat_receiver_worker | 67] Status: Connected
12:26:29: [INFO] [C:\Users\jason\Desktop\autonomy-bootcamp-2025-p2\modules\heartbeat\heartbeat_receiver.py | run | 61] Received heartbeat
12:26:29: [INFO] [C:\Users\jason\Desktop\autonomy-bootcamp-2025-p2\modules\heartbeat\heartbeat_receiver_worker.py | heartbeat_receiver_worker | 67] Status: Connected
12:26:30: [WARNING] [C:\Users\jason\Desktop\autonomy-bootcamp-2025-p2\modules\heartbeat\heartbeat_receiver.py | run | 65] Missed heartbeat (count: 1)
12:26:30: [INFO] [C:\Users\jason\Desktop\autonomy-bootcamp-2025-p2\modules\heartbeat\heartbeat_receiver_worker.py | heartbeat_receiver_worker | 67] Status: Connected
12:26:31: [WARNING] [C:\Users\jason\Desktop\autonomy-bootcamp-2025-p2\modules\heartbeat\heartbeat_receiver.py | run | 65] Missed heartbeat (count: 2)
12:26:31: [INFO] [C:\Users\jason\Desktop\autonomy-bootcamp-2025-p2\modules\heartbeat\heartbeat_receiver_worker.py | heartbeat_receiver_worker | 67] Status: Connected
12:26:32: [WARNING] [C:\Users\jason\Desktop\autonomy-bootcamp-2025-p2\modules\heartbeat\heartbeat_receiver.py | run | 65] Missed heartbeat (count: 3)
12:26:45: [INFO] [C:\Users\jason\Desktop\autonomy-bootcamp-2025-p2\modules\heartbeat\heartbeat_receiver_worker.py | heartbeat_receiver_worker | 67] Status: Connected
