20:04:32: [INFO] [C:\Users\jason\Desktop\autonomy-bootcamp-2025-p2\modules\heartbeat\heartbeat_receiver_worker.py | heartbeat_receiver_worker | 46] Logger initialized
20:04:32: [INFO] [C:\Users\jason\Desktop\autonomy-bootcamp-2025-p2\modules\heartbeat\heartbeat_receiver_worker.py | heartbeat_receiver_worker | 59] HeartbeatReceiver created
20:04:33: [INFO] [C:\Users\jason\Desktop\autonomy-bootcamp-2025-p2\modules\heartbeat\heartbeat_receiver.py | run | 61] Received heartbeat
20:04:33: [INFO] [C:\Users\jason\Desktop\autonomy-bootcamp-2025-p2\modules\heartbeat\heartbeat_receiver_worker.py | heartbeat_receiver_worker | 67] Status: Connected
20:04:33: [INFO] [C:\Users\jason\Desktop\autonomy-bootcamp-2025-p2\modules\heartbeat\heartbeat_receiver.py | run | 61] Received heartbeat
20:04:33: [INFO] [C:\Users\jason\Desktop\autonomy-bootcamp-2025-p2\modules\heartbeat\heartbeat_receiver_worker.py | heartbeat_receiver_worker | 67] Status: Connected
20:04:34: [INFO] [C:\Users\jason\Desktop\autonomy-bootcamp-2025-p2\modules\heartbeat\heartbeat_receiver.py | run | 61] Received heartbeat
20:04:34: [INFO] [C:\Users\jason\Desktop\autonomy-bootcamp-2025-p2\modules\heartbeat\heartbeat_receiver_worker.py | heartbeat_receiver_worker | 67] Status: Connected
20:04:35: [WARNING] [C:\Users\jason\Desktop\autonomy-bootcamp-2025-p2\modules\heartbeat\heartbeat_receiver.py | run | 65] Missed heartbeat (count: 1)
20:04:35: [INFO] [C:\Users\jason\Desktop\autonomy-bootcamp-2025-p2\modules\heartbeat\heartbeat_receiver_worker.py | heartbeat_receiver_worker | 67] Status: Connected
20:04:35: [INFO] [C:\Users\jason\Desktop\autonomy-bootcamp-2025-p2\modules\heartbeat\heartbeat_receiver.py | run | 61] Received heartbeat
20:04:35: [INFO] [C:\Users\jason\Desktop\autonomy-bootcamp-2025-p2\modules\heartbeat\heartbeat_receiver_worker.py | heartbeat_receiver_worker | 67] Status: Connected
20:04:36: [WARNING] [C:\Users\jason\Desktop\autonomy-bootcamp-2025-p2\modules\heartbeat\heartbeat_receiver.py | run | 65] Missed heartbeat (count: 1)
20:04:36: [INFO] [C:\Users\jason\Desktop\autonomy-bootcamp-2025-p2\modules\heartbeat\heartbeat_receiver_worker.py | heartbeat_receiver_worker | 67] Status: Connected
20:04:36: [INFO] [C:\Users\jason\Desktop\autonomy-bootcamp-2025-p2\modules\heartbeat\heartbeat_receiver.py | run | 61] Received heartbeat
20:04:36: [INFO] [C:\Users\jason\Desktop\autonomy-bootcamp-2025-p2\modules\heartbeat\heartbeat_receiver_worker.py | heartbeat_receiver_worker | 67] Status: Connected
20:04:37: [WARNING] [C:\Users\jason\Desktop\autonomy-bootcamp-2025-p2\modules\heartbeat\heartbeat_receiver.py | run | 65] Missed heartbeat (count: 1)
20:04:37: [INFO] [C:\Users\jason\Desktop\autonomy-bootcamp-2025-p2\modules\heartbeat\heartbeat_receiver_worker.py | heartbeat_receiver_worker | 67] Status: Connected
20:04:38: [WARNING] [C:\Users\jason\Desktop\autonomy-bootcamp-2025-p2\modules\heartbeat\heartbeat_receiver.py | run | 65] Missed heartbeat (count: 2)
20:04:38: [INFO] [C:\Users\jason\Desktop\autonomy-bootcamp-2025-p2\modules\heartbeat\heartbeat_receiver_worker.py | heartbeat_receiver_worker | 67] Status: Connected
20:04:39: [WARNING] [C:\Users\jason\Desktop\autonomy-bootcamp-2025-p2\modules\heartbeat\heartbeat_receiver.py | run | 65] Missed heartbeat (count: 3)
20:04:39: [INFO] [C:\Users\jason\Desktop\autonomy-bootcamp-2025-p2\modules\heartbeat\heartbeat_receiver_worker.py | heartbeat_receiver_worker | 67] Status: Connected
20:04:40: [WARNING] [C:\Users\jason\Desktop\autonomy-bootcamp-2025-p2\modules\heartbeat\heartbeat_receiver.py | run | 65] Missed heartbeat (count: 4)
20:04:53: [INFO] [C:\Users\jason\Desktop\autonomy-bootcamp-2025-p2\modules\heartbeat\heartbeat_receiver_worker.py | heartbeat_receiver_worker | 67] Status: Connected
20:04:53: [INFO] [C:\Users\jason\Desktop\autonomy-bootcamp-2025-p2\modules\heartbeat\heartbeat_receiver_worker.py | heartbeat_receiver_worker | 69] Worker Exiting
