12:55:45: [INFO] [C:\Users\jason\Desktop\autonomy-bootcamp-2025-p2\modules\heartbeat\heartbeat_receiver_worker.py | heartbeat_receiver_worker | 46] Logger initialized
12:55:45: [INFO] [C:\Users\jason\Desktop\autonomy-bootcamp-2025-p2\modules\heartbeat\heartbeat_receiver_worker.py | heartbeat_receiver_worker | 59] HeartbeatReceiver created
12:55:45: [INFO] [C:\Users\jason\Desktop\autonomy-bootcamp-2025-p2\modules\heartbeat\heartbeat_receiver.py | run | 61] Received heartbeat
12:55:45: [INFO] [C:\Users\jason\Desktop\autonomy-bootcamp-2025-p2\modules\heartbeat\heartbeat_receiver_worker.py | heartbeat_receiver_worker | 68] Status changed to: Connected
12:55:46: [INFO] [C:\Users\jason\Desktop\autonomy-bootcamp-2025-p2\modules\heartbeat\heartbeat_receiver.py | run | 61] Received heartbeat
12:55:46: [INFO] [C:\Users\jason\Desktop\autonomy-bootcamp-2025-p2\modules\heartbeat\heartbeat_receiver_worker.py | heartbeat_receiver_worker | 68] Status changed to: Connected
12:55:47: [INFO] [C:\Users\jason\Desktop\autonomy-bootcamp-2025-p2\modules\heartbeat\heartbeat_receiver.py | run | 61] Received heartbeat
12:55:47: [INFO] [C:\Users\jason\Desktop\autonomy-bootcamp-2025-p2\modules\heartbeat\heartbeat_receiver_worker.py | heartbeat_receiver_worker | 68] Status changed to: Connected
12:55:48: [WARNING] [C:\Users\jason\Desktop\autonomy-bootcamp-2025-p2\modules\heartbeat\heartbeat_receiver.py | run | 65] Missed heartbeat (count: 1)
12:55:48: [INFO] [C:\Users\jason\Desktop\autonomy-bootcamp-2025-p2\modules\heartbeat\heartbeat_receiver_worker.py | heartbeat_receiver_worker | 68] Status changed to: Connected
12:55:48: [INFO] [C:\Users\jason\Desktop\autonomy-bootcamp-2025-p2\modules\heartbeat\heartbeat_receiver.py | run | 61] Received heartbeat
12:55:48: [INFO] [C:\Users\jason\Desktop\autonomy-bootcamp-2025-p2\modules\heartbeat\heartbeat_receiver_worker.py | heartbeat_receiver_worker | 68] Status changed to: Connected
12:55:49: [INFO] [C:\Users\jason\Desktop\autonomy-bootcamp-2025-p2\modules\heartbeat\heartbeat_receiver.py | run | 61] Received heartbeat
12:55:49: [INFO] [C:\Users\jason\Desktop\autonomy-bootcamp-2025-p2\modules\heartbeat\heartbeat_receiver_worker.py | heartbeat_receiver_worker | 68] Status changed to: Connected
12:55:50: [WARNING] [C:\Users\jason\Desktop\autonomy-bootcamp-2025-p2\modules\heartbeat\heartbeat_receiver.py | run | 65] Missed heartbeat (count: 1)
12:55:50: [INFO] [C:\Users\jason\Desktop\autonomy-bootcamp-2025-p2\modules\heartbeat\heartbeat_receiver_worker.py | heartbeat_receiver_worker | 68] Status changed to: Connected
12:55:51: [WARNING] [C:\Users\jason\Desktop\autonomy-bootcamp-2025-p2\modules\heartbeat\heartbeat_receiver.py | run | 65] Missed heartbeat (count: 2)
12:55:51: [INFO] [C:\Users\jason\Desktop\autonomy-bootcamp-2025-p2\modules\heartbeat\heartbeat_receiver_worker.py | heartbeat_receiver_worker | 68] Status changed to: Connected
12:55:52: [WARNING] [C:\Users\jason\Desktop\autonomy-bootcamp-2025-p2\modules\heartbeat\heartbeat_receiver.py | run | 65] Missed heartbeat (count: 3)
12:55:52: [INFO] [C:\Users\jason\Desktop\autonomy-bootcamp-2025-p2\modules\heartbeat\heartbeat_receiver_worker.py | heartbeat_receiver_worker | 68] Status changed to: Connected
12:55:53: [WARNING] [C:\Users\jason\Desktop\autonomy-bootcamp-2025-p2\modules\heartbeat\heartbeat_receiver.py | run | 65] Missed heartbeat (count: 4)
12:55:53: [INFO] [C:\Users\jason\Desktop\autonomy-bootcamp-2025-p2\modules\heartbeat\heartbeat_receiver_worker.py | heartbeat_receiver_worker | 68] Status changed to: Connected
12:55:54: [WARNING] [C:\Users\jason\Desktop\autonomy-bootcamp-2025-p2\modules\heartbeat\heartbeat_receiver.py | run | 65] Missed heartbeat (count: 5)
12:55:54: [ERROR] [C:\Users\jason\Desktop\autonomy-bootcamp-2025-p2\modules\heartbeat\heartbeat_receiver.py | run | 69] Connection lost after 5 missed heartbeats
12:55:54: [INFO] [C:\Users\jason\Desktop\autonomy-bootcamp-2025-p2\modules\heartbeat\heartbeat_receiver_worker.py | heartbeat_receiver_worker | 68] Status changed to: Disconnected
12:55:55: [WARNING] [C:\Users\jason\Desktop\autonomy-bootcamp-2025-p2\modules\heartbeat\heartbeat_receiver.py | run | 65] Missed heartbeat (count: 6)
12:55:55: [ERROR] [C:\Users\jason\Desktop\autonomy-bootcamp-2025-p2\modules\heartbeat\heartbeat_receiver.py | run | 69] Connection lost after 6 missed heartbeats
12:55:55: [INFO] [C:\Users\jason\Desktop\autonomy-bootcamp-2025-p2\modules\heartbeat\heartbeat_receiver_worker.py | heartbeat_receiver_worker | 68] Status changed to: Disconnected
12:55:56: [WARNING] [C:\Users\jason\Desktop\autonomy-bootcamp-2025-p2\modules\heartbeat\heartbeat_receiver.py | run | 65] Missed heartbeat (count: 7)
12:55:56: [ERROR] [C:\Users\jason\Desktop\autonomy-bootcamp-2025-p2\modules\heartbeat\heartbeat_receiver.py | run | 69] Connection lost after 7 missed heartbeats
12:55:56: [INFO] [C:\Users\jason\Desktop\autonomy-bootcamp-2025-p2\modules\heartbeat\heartbeat_receiver_worker.py | heartbeat_receiver_worker | 68] Status changed to: Disconnected
12:55:57: [WARNING] [C:\Users\jason\Desktop\autonomy-bootcamp-2025-p2\modules\heartbeat\heartbeat_receiver.py | run | 65] Missed heartbeat (count: 8)
12:55:57: [ERROR] [C:\Users\jason\Desktop\autonomy-bootcamp-2025-p2\modules\heartbeat\heartbeat_receiver.py | run | 69] Connection lost after 8 missed heartbeats
12:55:57: [INFO] [C:\Users\jason\Desktop\autonomy-bootcamp-2025-p2\modules\heartbeat\heartbeat_receiver_worker.py | heartbeat_receiver_worker | 68] Status changed to: Disconnected
12:55:58: [INFO] [C:\Users\jason\Desktop\autonomy-bootcamp-2025-p2\modules\heartbeat\heartbeat_receiver.py | run | 61] Received heartbeat
12:55:58: [INFO] [C:\Users\jason\Desktop\autonomy-bootcamp-2025-p2\modules\heartbeat\heartbeat_receiver_worker.py | heartbeat_receiver_worker | 68] Status changed to: Connected
12:55:59: [INFO] [C:\Users\jason\Desktop\autonomy-bootcamp-2025-p2\modules\heartbeat\heartbeat_receiver.py | run | 61] Received heartbeat
12:55:59: [INFO] [C:\Users\jason\Desktop\autonomy-bootcamp-2025-p2\modules\heartbeat\heartbeat_receiver_worker.py | heartbeat_receiver_worker | 68] Status changed to: Connected
12:56:00: [INFO] [C:\Users\jason\Desktop\autonomy-bootcamp-2025-p2\modules\heartbeat\heartbeat_receiver.py | run | 61] Received heartbeat
12:56:00: [INFO] [C:\Users\jason\Desktop\autonomy-bootcamp-2025-p2\modules\heartbeat\heartbeat_receiver_worker.py | heartbeat_receiver_worker | 68] Status changed to: Connected
12:56:01: [WARNING] [C:\Users\jason\Desktop\autonomy-bootcamp-2025-p2\modules\heartbeat\heartbeat_receiver.py | run | 65] Missed heartbeat (count: 1)
12:56:01: [INFO] [C:\Users\jason\Desktop\autonomy-bootcamp-2025-p2\modules\heartbeat\heartbeat_receiver_worker.py | heartbeat_receiver_worker | 68] Status changed to: Connected
12:56:01: [INFO] [C:\Users\jason\Desktop\autonomy-bootcamp-2025-p2\modules\heartbeat\heartbeat_receiver.py | run | 61] Received heartbeat
12:56:01: [INFO] [C:\Users\jason\Desktop\autonomy-bootcamp-2025-p2\modules\heartbeat\heartbeat_receiver_worker.py | heartbeat_receiver_worker | 68] Status changed to: Connected
12:56:02: [INFO] [C:\Users\jason\Desktop\autonomy-bootcamp-2025-p2\modules\heartbeat\heartbeat_receiver.py | run | 61] Received heartbeat
12:56:02: [INFO] [C:\Users\jason\Desktop\autonomy-bootcamp-2025-p2\modules\heartbeat\heartbeat_receiver_worker.py | heartbeat_receiver_worker | 68] Status changed to: Connected
12:56:03: [WARNING] [C:\Users\jason\Desktop\autonomy-bootcamp-2025-p2\modules\heartbeat\heartbeat_receiver.py | run | 65] Missed heartbeat (count: 1)
12:56:03: [INFO] [C:\Users\jason\Desktop\autonomy-bootcamp-2025-p2\modules\heartbeat\heartbeat_receiver_worker.py | heartbeat_receiver_worker | 68] Status changed to: Connected
12:56:04: [INFO] [C:\Users\jason\Desktop\autonomy-bootcamp-2025-p2\modules\heartbeat\heartbeat_receiver.py | run | 61] Received heartbeat
12:56:04: [INFO] [C:\Users\jason\Desktop\autonomy-bootcamp-2025-p2\modules\heartbeat\heartbeat_receiver_worker.py | heartbeat_receiver_worker | 68] Status changed to: Connected
12:56:05: [WARNING] [C:\Users\jason\Desktop\autonomy-bootcamp-2025-p2\modules\heartbeat\heartbeat_receiver.py | run | 65] Missed heartbeat (count: 1)
12:56:05: [INFO] [C:\Users\jason\Desktop\autonomy-bootcamp-2025-p2\modules\heartbeat\heartbeat_receiver_worker.py | heartbeat_receiver_worker | 68] Status changed to: Connected
12:56:06: [WARNING] [C:\Users\jason\Desktop\autonomy-bootcamp-2025-p2\modules\heartbeat\heartbeat_receiver.py | run | 65] Missed heartbeat (count: 2)
12:56:06: [INFO] [C:\Users\jason\Desktop\autonomy-bootcamp-2025-p2\modules\heartbeat\heartbeat_receiver_worker.py | heartbeat_receiver_worker | 68] Status changed to: Connected
12:56:06: [INFO] [C:\Users\jason\Desktop\autonomy-bootcamp-2025-p2\modules\heartbeat\heartbeat_receiver_worker.py | heartbeat_receiver_worker | 70] Worker Exiting
