01:55:59: [INFO] [C:\Users\jason\Desktop\autonomy-bootcamp-2025-p2\modules\heartbeat\heartbeat_receiver_worker.py | heartbeat_receiver_worker | 46] Logger initialized
01:55:59: [INFO] [C:\Users\jason\Desktop\autonomy-bootcamp-2025-p2\modules\heartbeat\heartbeat_receiver_worker.py | heartbeat_receiver_worker | 59] HeartbeatReceiver created
01:55:59: [INFO] [C:\Users\jason\Desktop\autonomy-bootcamp-2025-p2\modules\heartbeat\heartbeat_receiver.py | run | 61] Received heartbeat
01:55:59: [INFO] [C:\Users\jason\Desktop\autonomy-bootcamp-2025-p2\modules\heartbeat\heartbeat_receiver_worker.py | heartbeat_receiver_worker | 67] Status: Connected
01:56:00: [INFO] [C:\Users\jason\Desktop\autonomy-bootcamp-2025-p2\modules\heartbeat\heartbeat_receiver.py | run | 61] Received heartbeat
01:56:00: [INFO] [C:\Users\jason\Desktop\autonomy-bootcamp-2025-p2\modules\heartbeat\heartbeat_receiver_worker.py | heartbeat_receiver_worker | 67] Status: Connected
01:56:01: [WARNING] [C:\Users\jason\Desktop\autonomy-bootcamp-2025-p2\modules\heartbeat\heartbeat_receiver.py | run | 65] Missed heartbeat (count: 1)
01:56:01: [INFO] [C:\Users\jason\Desktop\autonomy-bootcamp-2025-p2\modules\heartbeat\heartbeat_receiver_worker.py | heartbeat_receiver_worker | 67] Status: Connected
01:56:01: [INFO] [C:\Users\jason\Desktop\autonomy-bootcamp-2025-p2\modules\heartbeat\heartbeat_receiver.py | run | 61] Received heartbeat
01:56:01: [INFO] [C:\Users\jason\Desktop\autonomy-bootcamp-2025-p2\modules\heartbeat\heartbeat_receiver_worker.py | heartbeat_receiver_worker | 67] Status: Connected
01:56:02: [WARNING] [C:\Users\jason\Desktop\autonomy-bootcamp-2025-p2\modules\heartbeat\heartbeat_receiver.py | run | 65] Missed heartbeat (count: 1)
01:56:02: [INFO] [C:\Users\jason\Desktop\autonomy-bootcamp-2025-p2\modules\heartbeat\heartbeat_receiver_worker.py | heartbeat_receiver_worker | 67] Status: Connected
01:56:02: [INFO] [C:\Users\jason\Desktop\autonomy-bootcamp-2025-p2\modules\heartbeat\heartbeat_receiver.py | run | 61] Received heartbeat
01:56:02: [INFO] [C:\Users\jason\Desktop\autonomy-bootcamp-2025-p2\modules\heartbeat\heartbeat_receiver_worker.py | heartbeat_receiver_worker | 67] Status: Connected
01:56:03: [INFO] [C:\Users\jason\Desktop\autonomy-bootcamp-2025-p2\modules\heartbeat\heartbeat_receiver.py | run | 61] Received heartbeat
01:56:03: [INFO] [C:\Users\jason\Desktop\autonomy-bootcamp-2025-p2\modules\heartbeat\heartbeat_receiver_worker.py | heartbeat_receiver_worker | 67] Status: Connected
01:56:04: [WARNING] [C:\Users\jason\Desktop\autonomy-bootcamp-2025-p2\modules\heartbeat\heartbeat_receiver.py | run | 65] Missed heartbeat (count: 1)
01:56:04: [INFO] [C:\Users\jason\Desktop\autonomy-bootcamp-2025-p2\modules\heartbeat\heartbeat_receiver_worker.py | heartbeat_receiver_worker | 67] Status: Connected
01:56:05: [WARNING] [C:\Users\jason\Desktop\autonomy-bootcamp-2025-p2\modules\heartbeat\heartbeat_receiver.py | run | 65] Missed heartbeat (count: 2)
01:56:05: [INFO] [C:\Users\jason\Desktop\autonomy-bootcamp-2025-p2\modules\heartbeat\heartbeat_receiver_worker.py | heartbeat_receiver_worker | 67] Status: Connected
01:56:06: [WARNING] [C:\Users\jason\Desktop\autonomy-bootcamp-2025-p2\modules\heartbeat\heartbeat_receiver.py | run | 65] Missed heartbeat (count: 3)
01:56:06: [INFO] [C:\Users\jason\Desktop\autonomy-bootcamp-2025-p2\modules\heartbeat\heartbeat_receiver_worker.py | heartbeat_receiver_worker | 67] Status: Connected
01:56:07: [WARNING] [C:\Users\jason\Desktop\autonomy-bootcamp-2025-p2\modules\heartbeat\heartbeat_receiver.py | run | 65] Missed heartbeat (count: 4)
01:56:20: [INFO] [C:\Users\jason\Desktop\autonomy-bootcamp-2025-p2\modules\heartbeat\heartbeat_receiver_worker.py | heartbeat_receiver_worker | 67] Status: Connected
