17:15:12: [INFO] [C:\Users\jason\Desktop\autonomy-bootcamp-2025-p2\modules\telemetry\telemetry_worker.py | telemetry_worker | 47] Logger initialized
17:15:12: [INFO] [C:\Users\jason\Desktop\autonomy-bootcamp-2025-p2\modules\telemetry\telemetry_worker.py | telemetry_worker | 58] Telemetry created
17:15:12: [INFO] [C:\Users\jason\Desktop\autonomy-bootcamp-2025-p2\modules\telemetry\telemetry.py | run | 119] Received LOCAL_POSITION_NED
17:15:12: [INFO] [C:\Users\jason\Desktop\autonomy-bootcamp-2025-p2\modules\telemetry\telemetry.py | run | 126] Received ATTITUDE
17:15:12: [INFO] [C:\Users\jason\Desktop\autonomy-bootcamp-2025-p2\modules\telemetry\telemetry.py | run | 146] Created TelemetryData
17:15:12: [INFO] [C:\Users\jason\Desktop\autonomy-bootcamp-2025-p2\modules\telemetry\telemetry_worker.py | telemetry_worker | 66] Sent telemetry data: {
            time_since_boot: 335,
            x: 0.0,
            y: 0.0,
            z: 0.0,
            x_velocity: 1.0,
            y_velocity: 0.0,
            z_velocity: 0.0,
            roll: 0.0,
            pitch: 0.0,
            yaw: 1.0471975803375244,
            roll_speed: 0.0,
            pitch_speed: 0.0,
            yaw_speed: 3.1415927410125732
        }
17:15:12: [INFO] [C:\Users\jason\Desktop\autonomy-bootcamp-2025-p2\modules\telemetry\telemetry.py | run | 119] Received LOCAL_POSITION_NED
17:15:13: [INFO] [C:\Users\jason\Desktop\autonomy-bootcamp-2025-p2\modules\telemetry\telemetry.py | run | 126] Received ATTITUDE
17:15:13: [INFO] [C:\Users\jason\Desktop\autonomy-bootcamp-2025-p2\modules\telemetry\telemetry.py | run | 146] Created TelemetryData
17:15:13: [INFO] [C:\Users\jason\Desktop\autonomy-bootcamp-2025-p2\modules\telemetry\telemetry_worker.py | telemetry_worker | 66] Sent telemetry data: {
            time_since_boot: 669,
            x: 0.5,
            y: 0.0,
            z: 0.0,
            x_velocity: 1.0,
            y_velocity: 0.0,
            z_velocity: 0.0,
            roll: 0.0,
            pitch: 0.0,
            yaw: 2.094395160675049,
            roll_speed: 0.0,
            pitch_speed: 0.0,
            yaw_speed: 3.1415927410125732
        }
17:15:13: [INFO] [C:\Users\jason\Desktop\autonomy-bootcamp-2025-p2\modules\telemetry\telemetry.py | run | 119] Received LOCAL_POSITION_NED
17:15:13: [INFO] [C:\Users\jason\Desktop\autonomy-bootcamp-2025-p2\modules\telemetry\telemetry.py | run | 126] Received ATTITUDE
17:15:13: [INFO] [C:\Users\jason\Desktop\autonomy-bootcamp-2025-p2\modules\telemetry\telemetry.py | run | 146] Created TelemetryData
17:15:13: [INFO] [C:\Users\jason\Desktop\autonomy-bootcamp-2025-p2\modules\telemetry\telemetry_worker.py | telemetry_worker | 66] Sent telemetry data: {
            time_since_boot: 1334,
            x: 1.0,
            y: 0.0,
            z: 0.0,
            x_velocity: 1.0,
            y_velocity: 0.0,
            z_velocity: 0.0,
            roll: 0.0,
            pitch: 0.0,
            yaw: -2.094395160675049,
            roll_speed: 0.0,
            pitch_speed: 0.0,
            yaw_speed: 3.1415927410125732
        }
17:15:14: [INFO] [C:\Users\jason\Desktop\autonomy-bootcamp-2025-p2\modules\telemetry\telemetry.py | run | 126] Received ATTITUDE
17:15:14: [INFO] [C:\Users\jason\Desktop\autonomy-bootcamp-2025-p2\modules\telemetry\telemetry.py | run | 119] Received LOCAL_POSITION_NED
17:15:14: [INFO] [C:\Users\jason\Desktop\autonomy-bootcamp-2025-p2\modules\telemetry\telemetry.py | run | 146] Created TelemetryData
17:15:14: [INFO] [C:\Users\jason\Desktop\autonomy-bootcamp-2025-p2\modules\telemetry\telemetry_worker.py | telemetry_worker | 66] Sent telemetry data: {
            time_since_boot: 2000,
            x: 2.0,
            y: 0.0,
            z: 0.0,
            x_velocity: 1.0,
            y_velocity: 0.0,
            z_velocity: 0.0,
            roll: 0.0,
            pitch: 0.0,
            yaw: -1.0471975803375244,
            roll_speed: 0.0,
            pitch_speed: 0.0,
            yaw_speed: 3.1415927410125732
        }
17:15:14: [INFO] [C:\Users\jason\Desktop\autonomy-bootcamp-2025-p2\modules\telemetry\telemetry.py | run | 126] Received ATTITUDE
17:15:14: [INFO] [C:\Users\jason\Desktop\autonomy-bootcamp-2025-p2\modules\telemetry\telemetry.py | run | 119] Received LOCAL_POSITION_NED
17:15:14: [INFO] [C:\Users\jason\Desktop\autonomy-bootcamp-2025-p2\modules\telemetry\telemetry.py | run | 146] Created TelemetryData
17:15:14: [INFO] [C:\Users\jason\Desktop\autonomy-bootcamp-2025-p2\modules\telemetry\telemetry_worker.py | telemetry_worker | 66] Sent telemetry data: {
            time_since_boot: 2501,
            x: 2.5,
            y: 0.0,
            z: 0.0,
            x_velocity: 1.0,
            y_velocity: 0.0,
            z_velocity: 0.0,
            roll: 0.0,
            pitch: 0.0,
            yaw: 1.0471975803375244,
            roll_speed: 0.0,
            pitch_speed: 0.0,
            yaw_speed: 3.1415927410125732
        }
17:15:15: [INFO] [C:\Users\jason\Desktop\autonomy-bootcamp-2025-p2\modules\telemetry\telemetry.py | run | 126] Received ATTITUDE
17:15:15: [INFO] [C:\Users\jason\Desktop\autonomy-bootcamp-2025-p2\modules\telemetry\telemetry.py | run | 119] Received LOCAL_POSITION_NED
17:15:15: [INFO] [C:\Users\jason\Desktop\autonomy-bootcamp-2025-p2\modules\telemetry\telemetry.py | run | 146] Created TelemetryData
17:15:15: [INFO] [C:\Users\jason\Desktop\autonomy-bootcamp-2025-p2\modules\telemetry\telemetry_worker.py | telemetry_worker | 66] Sent telemetry data: {
            time_since_boot: 3000,
            x: 3.0,
            y: 0.0,
            z: 0.0,
            x_velocity: 1.0,
            y_velocity: 0.0,
            z_velocity: 0.0,
            roll: 0.0,
            pitch: 0.0,
            yaw: 2.094395160675049,
            roll_speed: 0.0,
            pitch_speed: 0.0,
            yaw_speed: 3.1415927410125732
        }
17:15:15: [INFO] [C:\Users\jason\Desktop\autonomy-bootcamp-2025-p2\modules\telemetry\telemetry.py | run | 126] Received ATTITUDE
17:15:15: [INFO] [C:\Users\jason\Desktop\autonomy-bootcamp-2025-p2\modules\telemetry\telemetry.py | run | 119] Received LOCAL_POSITION_NED
17:15:15: [INFO] [C:\Users\jason\Desktop\autonomy-bootcamp-2025-p2\modules\telemetry\telemetry.py | run | 146] Created TelemetryData
17:15:15: [INFO] [C:\Users\jason\Desktop\autonomy-bootcamp-2025-p2\modules\telemetry\telemetry_worker.py | telemetry_worker | 66] Sent telemetry data: {
            time_since_boot: 3502,
            x: 3.5,
            y: 0.0,
            z: 0.0,
            x_velocity: 1.0,
            y_velocity: 0.0,
            z_velocity: 0.0,
            roll: 0.0,
            pitch: 0.0,
            yaw: -2.094395160675049,
            roll_speed: 0.0,
            pitch_speed: 0.0,
            yaw_speed: 3.1415927410125732
        }
17:15:16: [INFO] [C:\Users\jason\Desktop\autonomy-bootcamp-2025-p2\modules\telemetry\telemetry.py | run | 126] Received ATTITUDE
17:15:16: [INFO] [C:\Users\jason\Desktop\autonomy-bootcamp-2025-p2\modules\telemetry\telemetry.py | run | 119] Received LOCAL_POSITION_NED
17:15:16: [INFO] [C:\Users\jason\Desktop\autonomy-bootcamp-2025-p2\modules\telemetry\telemetry.py | run | 146] Created TelemetryData
17:15:16: [INFO] [C:\Users\jason\Desktop\autonomy-bootcamp-2025-p2\modules\telemetry\telemetry_worker.py | telemetry_worker | 66] Sent telemetry data: {
            time_since_boot: 4000,
            x: 4.0,
            y: 0.0,
            z: 0.0,
            x_velocity: 1.0,
            y_velocity: 0.0,
            z_velocity: 0.0,
            roll: 0.0,
            pitch: 0.0,
            yaw: -1.0471975803375244,
            roll_speed: 0.0,
            pitch_speed: 0.0,
            yaw_speed: 3.1415927410125732
        }
17:15:16: [INFO] [C:\Users\jason\Desktop\autonomy-bootcamp-2025-p2\modules\telemetry\telemetry.py | run | 119] Received LOCAL_POSITION_NED
17:15:17: [INFO] [C:\Users\jason\Desktop\autonomy-bootcamp-2025-p2\modules\telemetry\telemetry.py | run | 126] Received ATTITUDE
17:15:17: [INFO] [C:\Users\jason\Desktop\autonomy-bootcamp-2025-p2\modules\telemetry\telemetry.py | run | 146] Created TelemetryData
17:15:17: [INFO] [C:\Users\jason\Desktop\autonomy-bootcamp-2025-p2\modules\telemetry\telemetry_worker.py | telemetry_worker | 66] Sent telemetry data: {
            time_since_boot: 4666,
            x: 4.5,
            y: 0.0,
            z: 0.0,
            x_velocity: 1.0,
            y_velocity: 0.0,
            z_velocity: 0.0,
            roll: 0.0,
            pitch: 0.0,
            yaw: 2.094395160675049,
            roll_speed: 0.0,
            pitch_speed: 0.0,
            yaw_speed: 3.1415927410125732
        }
17:15:18: [ERROR] [C:\Users\jason\Desktop\autonomy-bootcamp-2025-p2\modules\telemetry\telemetry.py | run | 150] Timeout: Did not receive both messages within 1 second
17:15:18: [WARNING] [C:\Users\jason\Desktop\autonomy-bootcamp-2025-p2\modules\telemetry\telemetry_worker.py | telemetry_worker | 68] Telemetry timeout, restarting
17:15:19: [ERROR] [C:\Users\jason\Desktop\autonomy-bootcamp-2025-p2\modules\telemetry\telemetry.py | run | 150] Timeout: Did not receive both messages within 1 second
17:15:19: [WARNING] [C:\Users\jason\Desktop\autonomy-bootcamp-2025-p2\modules\telemetry\telemetry_worker.py | telemetry_worker | 68] Telemetry timeout, restarting
17:15:20: [ERROR] [C:\Users\jason\Desktop\autonomy-bootcamp-2025-p2\modules\telemetry\telemetry.py | run | 150] Timeout: Did not receive both messages within 1 second
17:15:20: [WARNING] [C:\Users\jason\Desktop\autonomy-bootcamp-2025-p2\modules\telemetry\telemetry_worker.py | telemetry_worker | 68] Telemetry timeout, restarting
17:15:21: [ERROR] [C:\Users\jason\Desktop\autonomy-bootcamp-2025-p2\modules\telemetry\telemetry.py | run | 150] Timeout: Did not receive both messages within 1 second
17:15:21: [WARNING] [C:\Users\jason\Desktop\autonomy-bootcamp-2025-p2\modules\telemetry\telemetry_worker.py | telemetry_worker | 68] Telemetry timeout, restarting
17:15:21: [INFO] [C:\Users\jason\Desktop\autonomy-bootcamp-2025-p2\modules\telemetry\telemetry.py | run | 126] Received ATTITUDE
17:15:21: [INFO] [C:\Users\jason\Desktop\autonomy-bootcamp-2025-p2\modules\telemetry\telemetry.py | run | 119] Received LOCAL_POSITION_NED
17:15:21: [INFO] [C:\Users\jason\Desktop\autonomy-bootcamp-2025-p2\modules\telemetry\telemetry.py | run | 146] Created TelemetryData
17:15:21: [INFO] [C:\Users\jason\Desktop\autonomy-bootcamp-2025-p2\modules\telemetry\telemetry_worker.py | telemetry_worker | 66] Sent telemetry data: {
            time_since_boot: 1000,
            x: 1.0,
            y: 0.0,
            z: 0.0,
            x_velocity: 1.0,
            y_velocity: 0.0,
            z_velocity: 0.0,
            roll: 0.0,
            pitch: 0.0,
            yaw: 3.1415927410125732,
            roll_speed: 0.0,
            pitch_speed: 0.0,
            yaw_speed: 3.1415927410125732
        }
17:15:21: [INFO] [C:\Users\jason\Desktop\autonomy-bootcamp-2025-p2\modules\telemetry\telemetry.py | run | 119] Received LOCAL_POSITION_NED
17:15:21: [INFO] [C:\Users\jason\Desktop\autonomy-bootcamp-2025-p2\modules\telemetry\telemetry.py | run | 126] Received ATTITUDE
17:15:21: [INFO] [C:\Users\jason\Desktop\autonomy-bootcamp-2025-p2\modules\telemetry\telemetry.py | run | 146] Created TelemetryData
17:15:21: [INFO] [C:\Users\jason\Desktop\autonomy-bootcamp-2025-p2\modules\telemetry\telemetry_worker.py | telemetry_worker | 66] Sent telemetry data: {
            time_since_boot: 1500,
            x: 1.3333333730697632,
            y: 0.0,
            z: 0.0,
            x_velocity: 1.0,
            y_velocity: 0.0,
            z_velocity: 0.0,
            roll: 0.0,
            pitch: 0.0,
            yaw: -1.5707963705062866,
            roll_speed: 0.0,
            pitch_speed: 0.0,
            yaw_speed: 3.1415927410125732
        }
17:15:22: [INFO] [C:\Users\jason\Desktop\autonomy-bootcamp-2025-p2\modules\telemetry\telemetry.py | run | 119] Received LOCAL_POSITION_NED
17:15:22: [INFO] [C:\Users\jason\Desktop\autonomy-bootcamp-2025-p2\modules\telemetry\telemetry.py | run | 126] Received ATTITUDE
17:15:22: [INFO] [C:\Users\jason\Desktop\autonomy-bootcamp-2025-p2\modules\telemetry\telemetry.py | run | 146] Created TelemetryData
17:15:22: [INFO] [C:\Users\jason\Desktop\autonomy-bootcamp-2025-p2\modules\telemetry\telemetry_worker.py | telemetry_worker | 66] Sent telemetry data: {
            time_since_boot: 2000,
            x: 1.6666666269302368,
            y: 0.0,
            z: 0.0,
            x_velocity: 1.0,
            y_velocity: 0.0,
            z_velocity: 0.0,
            roll: 0.0,
            pitch: 0.0,
            yaw: 0.0,
            roll_speed: 0.0,
            pitch_speed: 0.0,
            yaw_speed: 3.1415927410125732
        }
17:15:22: [INFO] [C:\Users\jason\Desktop\autonomy-bootcamp-2025-p2\modules\telemetry\telemetry.py | run | 119] Received LOCAL_POSITION_NED
17:15:22: [INFO] [C:\Users\jason\Desktop\autonomy-bootcamp-2025-p2\modules\telemetry\telemetry.py | run | 126] Received ATTITUDE
17:15:22: [INFO] [C:\Users\jason\Desktop\autonomy-bootcamp-2025-p2\modules\telemetry\telemetry.py | run | 146] Created TelemetryData
17:15:22: [INFO] [C:\Users\jason\Desktop\autonomy-bootcamp-2025-p2\modules\telemetry\telemetry_worker.py | telemetry_worker | 66] Sent telemetry data: {
            time_since_boot: 2503,
            x: 2.0,
            y: 0.0,
            z: 0.0,
            x_velocity: 1.0,
            y_velocity: 0.0,
            z_velocity: 0.0,
            roll: 0.0,
            pitch: 0.0,
            yaw: 1.5707963705062866,
            roll_speed: 0.0,
            pitch_speed: 0.0,
            yaw_speed: 3.1415927410125732
        }
17:15:23: [INFO] [C:\Users\jason\Desktop\autonomy-bootcamp-2025-p2\modules\telemetry\telemetry.py | run | 126] Received ATTITUDE
17:15:23: [INFO] [C:\Users\jason\Desktop\autonomy-bootcamp-2025-p2\modules\telemetry\telemetry.py | run | 119] Received LOCAL_POSITION_NED
17:15:23: [INFO] [C:\Users\jason\Desktop\autonomy-bootcamp-2025-p2\modules\telemetry\telemetry.py | run | 146] Created TelemetryData
17:15:23: [INFO] [C:\Users\jason\Desktop\autonomy-bootcamp-2025-p2\modules\telemetry\telemetry_worker.py | telemetry_worker | 66] Sent telemetry data: {
            time_since_boot: 3000,
            x: 3.0,
            y: 0.0,
            z: 0.0,
            x_velocity: 1.0,
            y_velocity: 0.0,
            z_velocity: 0.0,
            roll: 0.0,
            pitch: 0.0,
            yaw: 3.1415927410125732,
            roll_speed: 0.0,
            pitch_speed: 0.0,
            yaw_speed: 3.1415927410125732
        }
17:15:23: [INFO] [C:\Users\jason\Desktop\autonomy-bootcamp-2025-p2\modules\telemetry\telemetry.py | run | 119] Received LOCAL_POSITION_NED
17:15:23: [INFO] [C:\Users\jason\Desktop\autonomy-bootcamp-2025-p2\modules\telemetry\telemetry.py | run | 126] Received ATTITUDE
17:15:23: [INFO] [C:\Users\jason\Desktop\autonomy-bootcamp-2025-p2\modules\telemetry\telemetry.py | run | 146] Created TelemetryData
17:15:23: [INFO] [C:\Users\jason\Desktop\autonomy-bootcamp-2025-p2\modules\telemetry\telemetry_worker.py | telemetry_worker | 66] Sent telemetry data: {
            time_since_boot: 3503,
            x: 3.3333332538604736,
            y: 0.0,
            z: 0.0,
            x_velocity: 1.0,
            y_velocity: 0.0,
            z_velocity: 0.0,
            roll: 0.0,
            pitch: 0.0,
            yaw: -1.5707963705062866,
            roll_speed: 0.0,
            pitch_speed: 0.0,
            yaw_speed: 3.1415927410125732
        }
17:15:24: [INFO] [C:\Users\jason\Desktop\autonomy-bootcamp-2025-p2\modules\telemetry\telemetry.py | run | 119] Received LOCAL_POSITION_NED
17:15:24: [INFO] [C:\Users\jason\Desktop\autonomy-bootcamp-2025-p2\modules\telemetry\telemetry.py | run | 126] Received ATTITUDE
17:15:24: [INFO] [C:\Users\jason\Desktop\autonomy-bootcamp-2025-p2\modules\telemetry\telemetry.py | run | 146] Created TelemetryData
17:15:24: [INFO] [C:\Users\jason\Desktop\autonomy-bootcamp-2025-p2\modules\telemetry\telemetry_worker.py | telemetry_worker | 66] Sent telemetry data: {
            time_since_boot: 4000,
            x: 3.6666667461395264,
            y: 0.0,
            z: 0.0,
            x_velocity: 1.0,
            y_velocity: 0.0,
            z_velocity: 0.0,
            roll: 0.0,
            pitch: 0.0,
            yaw: 0.0,
            roll_speed: 0.0,
            pitch_speed: 0.0,
            yaw_speed: 3.1415927410125732
        }
17:15:24: [INFO] [C:\Users\jason\Desktop\autonomy-bootcamp-2025-p2\modules\telemetry\telemetry.py | run | 119] Received LOCAL_POSITION_NED
17:15:24: [INFO] [C:\Users\jason\Desktop\autonomy-bootcamp-2025-p2\modules\telemetry\telemetry.py | run | 126] Received ATTITUDE
17:15:24: [INFO] [C:\Users\jason\Desktop\autonomy-bootcamp-2025-p2\modules\telemetry\telemetry.py | run | 146] Created TelemetryData
17:15:24: [INFO] [C:\Users\jason\Desktop\autonomy-bootcamp-2025-p2\modules\telemetry\telemetry_worker.py | telemetry_worker | 66] Sent telemetry data: {
            time_since_boot: 4500,
            x: 4.0,
            y: 0.0,
            z: 0.0,
            x_velocity: 1.0,
            y_velocity: 0.0,
            z_velocity: 0.0,
            roll: 0.0,
            pitch: 0.0,
            yaw: 1.5707963705062866,
            roll_speed: 0.0,
            pitch_speed: 0.0,
            yaw_speed: 3.1415927410125732
        }
17:15:25: [ERROR] [C:\Users\jason\Desktop\autonomy-bootcamp-2025-p2\modules\telemetry\telemetry.py | run | 150] Timeout: Did not receive both messages within 1 second
17:15:25: [WARNING] [C:\Users\jason\Desktop\autonomy-bootcamp-2025-p2\modules\telemetry\telemetry_worker.py | telemetry_worker | 68] Telemetry timeout, restarting
