12:26:52: [INFO] [C:\Users\jason\Desktop\autonomy-bootcamp-2025-p2\modules\telemetry\telemetry_worker.py | telemetry_worker | 47] Logger initialized
12:26:52: [INFO] [C:\Users\jason\Desktop\autonomy-bootcamp-2025-p2\modules\telemetry\telemetry_worker.py | telemetry_worker | 58] Telemetry created
12:26:52: [INFO] [C:\Users\jason\Desktop\autonomy-bootcamp-2025-p2\modules\telemetry\telemetry.py | run | 119] Received LOCAL_POSITION_NED
12:26:53: [INFO] [C:\Users\jason\Desktop\autonomy-bootcamp-2025-p2\modules\telemetry\telemetry.py | run | 126] Received ATTITUDE
12:26:53: [INFO] [C:\Users\jason\Desktop\autonomy-bootcamp-2025-p2\modules\telemetry\telemetry.py | run | 146] Created TelemetryData
12:26:53: [INFO] [C:\Users\jason\Desktop\autonomy-bootcamp-2025-p2\modules\telemetry\telemetry_worker.py | telemetry_worker | 66] Sent telemetry data: {
            time_since_boot: 0,
            x: 0.0,
            y: 0.0,
            z: 0.0,
            x_velocity: 1.0,
            y_velocity: 0.0,
            z_velocity: 0.0,
            roll: 0.0,
            pitch: 0.0,
            yaw: 1.0471975803375244,
            roll_speed: 0.0,
            pitch_speed: 0.0,
            yaw_speed: 3.1415927410125732
        }
12:26:53: [INFO] [C:\Users\jason\Desktop\autonomy-bootcamp-2025-p2\modules\telemetry\telemetry.py | run | 119] Received LOCAL_POSITION_NED
12:26:53: [INFO] [C:\Users\jason\Desktop\autonomy-bootcamp-2025-p2\modules\telemetry\telemetry.py | run | 126] Received ATTITUDE
12:26:53: [INFO] [C:\Users\jason\Desktop\autonomy-bootcamp-2025-p2\modules\telemetry\telemetry.py | run | 146] Created TelemetryData
12:26:53: [INFO] [C:\Users\jason\Desktop\autonomy-bootcamp-2025-p2\modules\telemetry\telemetry_worker.py | telemetry_worker | 66] Sent telemetry data: {
            time_since_boot: 500,
            x: 0.5,
            y: 0.0,
            z: 0.0,
            x_velocity: 1.0,
            y_velocity: 0.0,
            z_velocity: 0.0,
            roll: 0.0,
            pitch: 0.0,
            yaw: 2.094395160675049,
            roll_speed: 0.0,
            pitch_speed: 0.0,
            yaw_speed: 3.1415927410125732
        }
12:26:54: [ERROR] [C:\Users\jason\Desktop\autonomy-bootcamp-2025-p2\modules\telemetry\telemetry.py | run | 150] Timeout: Did not receive both messages within 1 second
12:26:54: [WARNING] [C:\Users\jason\Desktop\autonomy-bootcamp-2025-p2\modules\telemetry\telemetry_worker.py | telemetry_worker | 68] Telemetry timeout, restarting
12:26:55: [INFO] [C:\Users\jason\Desktop\autonomy-bootcamp-2025-p2\modules\telemetry\telemetry.py | run | 126] Received ATTITUDE
12:26:55: [ERROR] [C:\Users\jason\Desktop\autonomy-bootcamp-2025-p2\modules\telemetry\telemetry.py | run | 150] Timeout: Did not receive both messages within 1 second
12:26:55: [WARNING] [C:\Users\jason\Desktop\autonomy-bootcamp-2025-p2\modules\telemetry\telemetry_worker.py | telemetry_worker | 68] Telemetry timeout, restarting
12:26:56: [INFO] [C:\Users\jason\Desktop\autonomy-bootcamp-2025-p2\modules\telemetry\telemetry.py | run | 119] Received LOCAL_POSITION_NED
12:26:56: [INFO] [C:\Users\jason\Desktop\autonomy-bootcamp-2025-p2\modules\telemetry\telemetry.py | run | 126] Received ATTITUDE
12:26:56: [INFO] [C:\Users\jason\Desktop\autonomy-bootcamp-2025-p2\modules\telemetry\telemetry.py | run | 146] Created TelemetryData
12:26:56: [INFO] [C:\Users\jason\Desktop\autonomy-bootcamp-2025-p2\modules\telemetry\telemetry_worker.py | telemetry_worker | 66] Sent telemetry data: {
            time_since_boot: 3500,
            x: 3.5,
            y: 0.0,
            z: 0.0,
            x_velocity: 1.0,
            y_velocity: 0.0,
            z_velocity: 0.0,
            roll: 0.0,
            pitch: 0.0,
            yaw: -1.0471975803375244,
            roll_speed: 0.0,
            pitch_speed: 0.0,
            yaw_speed: 3.1415927410125732
        }
12:26:57: [INFO] [C:\Users\jason\Desktop\autonomy-bootcamp-2025-p2\modules\telemetry\telemetry.py | run | 126] Received ATTITUDE
12:26:57: [ERROR] [C:\Users\jason\Desktop\autonomy-bootcamp-2025-p2\modules\telemetry\telemetry.py | run | 150] Timeout: Did not receive both messages within 1 second
12:26:57: [WARNING] [C:\Users\jason\Desktop\autonomy-bootcamp-2025-p2\modules\telemetry\telemetry_worker.py | telemetry_worker | 68] Telemetry timeout, restarting
12:26:58: [ERROR] [C:\Users\jason\Desktop\autonomy-bootcamp-2025-p2\modules\telemetry\telemetry.py | run | 150] Timeout: Did not receive both messages within 1 second
12:26:58: [WARNING] [C:\Users\jason\Desktop\autonomy-bootcamp-2025-p2\modules\telemetry\telemetry_worker.py | telemetry_worker | 68] Telemetry timeout, restarting
12:26:59: [ERROR] [C:\Users\jason\Desktop\autonomy-bootcamp-2025-p2\modules\telemetry\telemetry.py | run | 150] Timeout: Did not receive both messages within 1 second
12:26:59: [WARNING] [C:\Users\jason\Desktop\autonomy-bootcamp-2025-p2\modules\telemetry\telemetry_worker.py | telemetry_worker | 68] Telemetry timeout, restarting
12:27:00: [ERROR] [C:\Users\jason\Desktop\autonomy-bootcamp-2025-p2\modules\telemetry\telemetry.py | run | 150] Timeout: Did not receive both messages within 1 second
12:27:00: [WARNING] [C:\Users\jason\Desktop\autonomy-bootcamp-2025-p2\modules\telemetry\telemetry_worker.py | telemetry_worker | 68] Telemetry timeout, restarting
12:27:00: [INFO] [C:\Users\jason\Desktop\autonomy-bootcamp-2025-p2\modules\telemetry\telemetry.py | run | 119] Received LOCAL_POSITION_NED
12:27:01: [INFO] [C:\Users\jason\Desktop\autonomy-bootcamp-2025-p2\modules\telemetry\telemetry.py | run | 126] Received ATTITUDE
12:27:01: [INFO] [C:\Users\jason\Desktop\autonomy-bootcamp-2025-p2\modules\telemetry\telemetry.py | run | 146] Created TelemetryData
12:27:01: [INFO] [C:\Users\jason\Desktop\autonomy-bootcamp-2025-p2\modules\telemetry\telemetry_worker.py | telemetry_worker | 66] Sent telemetry data: {
            time_since_boot: 0,
            x: 0.0,
            y: 0.0,
            z: 0.0,
            x_velocity: 1.0,
            y_velocity: 0.0,
            z_velocity: 0.0,
            roll: 0.0,
            pitch: 0.0,
            yaw: 1.5707963705062866,
            roll_speed: 0.0,
            pitch_speed: 0.0,
            yaw_speed: 3.1415927410125732
        }
12:27:02: [ERROR] [C:\Users\jason\Desktop\autonomy-bootcamp-2025-p2\modules\telemetry\telemetry.py | run | 150] Timeout: Did not receive both messages within 1 second
12:27:02: [WARNING] [C:\Users\jason\Desktop\autonomy-bootcamp-2025-p2\modules\telemetry\telemetry_worker.py | telemetry_worker | 68] Telemetry timeout, restarting
12:27:02: [INFO] [C:\Users\jason\Desktop\autonomy-bootcamp-2025-p2\modules\telemetry\telemetry.py | run | 126] Received ATTITUDE
12:27:02: [INFO] [C:\Users\jason\Desktop\autonomy-bootcamp-2025-p2\modules\telemetry\telemetry.py | run | 119] Received LOCAL_POSITION_NED
12:27:02: [INFO] [C:\Users\jason\Desktop\autonomy-bootcamp-2025-p2\modules\telemetry\telemetry.py | run | 146] Created TelemetryData
12:27:02: [INFO] [C:\Users\jason\Desktop\autonomy-bootcamp-2025-p2\modules\telemetry\telemetry_worker.py | telemetry_worker | 66] Sent telemetry data: {
            time_since_boot: 2000,
            x: 2.0,
            y: 0.0,
            z: 0.0,
            x_velocity: 1.0,
            y_velocity: 0.0,
            z_velocity: 0.0,
            roll: 0.0,
            pitch: 0.0,
            yaw: 0.0,
            roll_speed: 0.0,
            pitch_speed: 0.0,
            yaw_speed: 3.1415927410125732
        }
12:27:03: [INFO] [C:\Users\jason\Desktop\autonomy-bootcamp-2025-p2\modules\telemetry\telemetry.py | run | 119] Received LOCAL_POSITION_NED
12:27:03: [INFO] [C:\Users\jason\Desktop\autonomy-bootcamp-2025-p2\modules\telemetry\telemetry.py | run | 126] Received ATTITUDE
12:27:03: [INFO] [C:\Users\jason\Desktop\autonomy-bootcamp-2025-p2\modules\telemetry\telemetry.py | run | 146] Created TelemetryData
12:27:03: [INFO] [C:\Users\jason\Desktop\autonomy-bootcamp-2025-p2\modules\telemetry\telemetry_worker.py | telemetry_worker | 66] Sent telemetry data: {
            time_since_boot: 2338,
            x: 2.3333332538604736,
            y: 0.0,
            z: 0.0,
            x_velocity: 1.0,
            y_velocity: 0.0,
            z_velocity: 0.0,
            roll: 0.0,
            pitch: 0.0,
            yaw: 1.5707963705062866,
            roll_speed: 0.0,
            pitch_speed: 0.0,
            yaw_speed: 3.1415927410125732
        }
12:27:03: [INFO] [C:\Users\jason\Desktop\autonomy-bootcamp-2025-p2\modules\telemetry\telemetry.py | run | 126] Received ATTITUDE
12:27:03: [INFO] [C:\Users\jason\Desktop\autonomy-bootcamp-2025-p2\modules\telemetry\telemetry.py | run | 119] Received LOCAL_POSITION_NED
12:27:03: [INFO] [C:\Users\jason\Desktop\autonomy-bootcamp-2025-p2\modules\telemetry\telemetry.py | run | 146] Created TelemetryData
12:27:03: [INFO] [C:\Users\jason\Desktop\autonomy-bootcamp-2025-p2\modules\telemetry\telemetry_worker.py | telemetry_worker | 66] Sent telemetry data: {
            time_since_boot: 3000,
            x: 3.0,
            y: 0.0,
            z: 0.0,
            x_velocity: 1.0,
            y_velocity: 0.0,
            z_velocity: 0.0,
            roll: 0.0,
            pitch: 0.0,
            yaw: 3.1415927410125732,
            roll_speed: 0.0,
            pitch_speed: 0.0,
            yaw_speed: 3.1415927410125732
        }
12:27:04: [INFO] [C:\Users\jason\Desktop\autonomy-bootcamp-2025-p2\modules\telemetry\telemetry.py | run | 119] Received LOCAL_POSITION_NED
12:27:04: [ERROR] [C:\Users\jason\Desktop\autonomy-bootcamp-2025-p2\modules\telemetry\telemetry.py | run | 150] Timeout: Did not receive both messages within 1 second
12:27:04: [WARNING] [C:\Users\jason\Desktop\autonomy-bootcamp-2025-p2\modules\telemetry\telemetry_worker.py | telemetry_worker | 68] Telemetry timeout, restarting
12:27:04: [INFO] [C:\Users\jason\Desktop\autonomy-bootcamp-2025-p2\modules\telemetry\telemetry.py | run | 119] Received LOCAL_POSITION_NED
12:27:05: [INFO] [C:\Users\jason\Desktop\autonomy-bootcamp-2025-p2\modules\telemetry\telemetry.py | run | 126] Received ATTITUDE
12:27:05: [INFO] [C:\Users\jason\Desktop\autonomy-bootcamp-2025-p2\modules\telemetry\telemetry.py | run | 146] Created TelemetryData
12:27:05: [INFO] [C:\Users\jason\Desktop\autonomy-bootcamp-2025-p2\modules\telemetry\telemetry_worker.py | telemetry_worker | 66] Sent telemetry data: {
            time_since_boot: 4000,
            x: 4.0,
            y: 0.0,
            z: 0.0,
            x_velocity: 1.0,
            y_velocity: 0.0,
            z_velocity: 0.0,
            roll: 0.0,
            pitch: 0.0,
            yaw: 1.5707963705062866,
            roll_speed: 0.0,
            pitch_speed: 0.0,
            yaw_speed: 3.1415927410125732
        }
12:27:06: [ERROR] [C:\Users\jason\Desktop\autonomy-bootcamp-2025-p2\modules\telemetry\telemetry.py | run | 150] Timeout: Did not receive both messages within 1 second
12:27:06: [WARNING] [C:\Users\jason\Desktop\autonomy-bootcamp-2025-p2\modules\telemetry\telemetry_worker.py | telemetry_worker | 68] Telemetry timeout, restarting
