20:06:48: [INFO] [C:\Users\jason\Desktop\autonomy-bootcamp-2025-p2\modules\telemetry\telemetry_worker.py | telemetry_worker | 47] Logger initialized
20:06:48: [INFO] [C:\Users\jason\Desktop\autonomy-bootcamp-2025-p2\modules\telemetry\telemetry_worker.py | telemetry_worker | 58] Telemetry created
20:06:48: [INFO] [C:\Users\jason\Desktop\autonomy-bootcamp-2025-p2\modules\telemetry\telemetry.py | run | 125] Received ATTITUDE
20:06:48: [INFO] [C:\Users\jason\Desktop\autonomy-bootcamp-2025-p2\modules\telemetry\telemetry.py | run | 119] Received LOCAL_POSITION_NED
20:06:48: [INFO] [C:\Users\jason\Desktop\autonomy-bootcamp-2025-p2\modules\telemetry\telemetry.py | run | 145] Created TelemetryData
20:06:48: [INFO] [C:\Users\jason\Desktop\autonomy-bootcamp-2025-p2\modules\telemetry\telemetry_worker.py | telemetry_worker | 66] Sent telemetry data: {
            time_since_boot: 0,
            x: 0.0,
            y: 0.0,
            z: 0.0,
            x_velocity: 1.0,
            y_velocity: 0.0,
            z_velocity: 0.0,
            roll: 0.0,
            pitch: 0.0,
            yaw: 0.0,
            roll_speed: 0.0,
            pitch_speed: 0.0,
            yaw_speed: 3.1415927410125732
        }
20:06:48: [INFO] [C:\Users\jason\Desktop\autonomy-bootcamp-2025-p2\modules\telemetry\telemetry.py | run | 125] Received ATTITUDE
20:06:48: [INFO] [C:\Users\jason\Desktop\autonomy-bootcamp-2025-p2\modules\telemetry\telemetry.py | run | 119] Received LOCAL_POSITION_NED
20:06:48: [INFO] [C:\Users\jason\Desktop\autonomy-bootcamp-2025-p2\modules\telemetry\telemetry.py | run | 145] Created TelemetryData
20:06:48: [INFO] [C:\Users\jason\Desktop\autonomy-bootcamp-2025-p2\modules\telemetry\telemetry_worker.py | telemetry_worker | 66] Sent telemetry data: {
            time_since_boot: 506,
            x: 0.5,
            y: 0.0,
            z: 0.0,
            x_velocity: 1.0,
            y_velocity: 0.0,
            z_velocity: 0.0,
            roll: 0.0,
            pitch: 0.0,
            yaw: 1.0471975803375244,
            roll_speed: 0.0,
            pitch_speed: 0.0,
            yaw_speed: 3.1415927410125732
        }
20:06:48: [INFO] [C:\Users\jason\Desktop\autonomy-bootcamp-2025-p2\modules\telemetry\telemetry.py | run | 125] Received ATTITUDE
20:06:48: [INFO] [C:\Users\jason\Desktop\autonomy-bootcamp-2025-p2\modules\telemetry\telemetry.py | run | 119] Received LOCAL_POSITION_NED
20:06:48: [INFO] [C:\Users\jason\Desktop\autonomy-bootcamp-2025-p2\modules\telemetry\telemetry.py | run | 145] Created TelemetryData
20:06:48: [INFO] [C:\Users\jason\Desktop\autonomy-bootcamp-2025-p2\modules\telemetry\telemetry_worker.py | telemetry_worker | 66] Sent telemetry data: {
            time_since_boot: 1000,
            x: 1.0,
            y: 0.0,
            z: 0.0,
            x_velocity: 1.0,
            y_velocity: 0.0,
            z_velocity: 0.0,
            roll: 0.0,
            pitch: 0.0,
            yaw: 2.094395160675049,
            roll_speed: 0.0,
            pitch_speed: 0.0,
            yaw_speed: 3.1415927410125732
        }
20:06:49: [INFO] [C:\Users\jason\Desktop\autonomy-bootcamp-2025-p2\modules\telemetry\telemetry.py | run | 125] Received ATTITUDE
20:06:49: [INFO] [C:\Users\jason\Desktop\autonomy-bootcamp-2025-p2\modules\telemetry\telemetry.py | run | 119] Received LOCAL_POSITION_NED
20:06:49: [INFO] [C:\Users\jason\Desktop\autonomy-bootcamp-2025-p2\modules\telemetry\telemetry.py | run | 145] Created TelemetryData
20:06:49: [INFO] [C:\Users\jason\Desktop\autonomy-bootcamp-2025-p2\modules\telemetry\telemetry_worker.py | telemetry_worker | 66] Sent telemetry data: {
            time_since_boot: 1510,
            x: 1.5,
            y: 0.0,
            z: 0.0,
            x_velocity: 1.0,
            y_velocity: 0.0,
            z_velocity: 0.0,
            roll: 0.0,
            pitch: 0.0,
            yaw: -2.094395160675049,
            roll_speed: 0.0,
            pitch_speed: 0.0,
            yaw_speed: 3.1415927410125732
        }
20:06:49: [INFO] [C:\Users\jason\Desktop\autonomy-bootcamp-2025-p2\modules\telemetry\telemetry.py | run | 125] Received ATTITUDE
20:06:49: [INFO] [C:\Users\jason\Desktop\autonomy-bootcamp-2025-p2\modules\telemetry\telemetry.py | run | 119] Received LOCAL_POSITION_NED
20:06:49: [INFO] [C:\Users\jason\Desktop\autonomy-bootcamp-2025-p2\modules\telemetry\telemetry.py | run | 145] Created TelemetryData
20:06:49: [INFO] [C:\Users\jason\Desktop\autonomy-bootcamp-2025-p2\modules\telemetry\telemetry_worker.py | telemetry_worker | 66] Sent telemetry data: {
            time_since_boot: 2000,
            x: 2.0,
            y: 0.0,
            z: 0.0,
            x_velocity: 1.0,
            y_velocity: 0.0,
            z_velocity: 0.0,
            roll: 0.0,
            pitch: 0.0,
            yaw: -1.0471975803375244,
            roll_speed: 0.0,
            pitch_speed: 0.0,
            yaw_speed: 3.1415927410125732
        }
20:06:50: [INFO] [C:\Users\jason\Desktop\autonomy-bootcamp-2025-p2\modules\telemetry\telemetry.py | run | 125] Received ATTITUDE
20:06:50: [INFO] [C:\Users\jason\Desktop\autonomy-bootcamp-2025-p2\modules\telemetry\telemetry.py | run | 119] Received LOCAL_POSITION_NED
20:06:50: [INFO] [C:\Users\jason\Desktop\autonomy-bootcamp-2025-p2\modules\telemetry\telemetry.py | run | 145] Created TelemetryData
20:06:50: [INFO] [C:\Users\jason\Desktop\autonomy-bootcamp-2025-p2\modules\telemetry\telemetry_worker.py | telemetry_worker | 66] Sent telemetry data: {
            time_since_boot: 2505,
            x: 2.5,
            y: 0.0,
            z: 0.0,
            x_velocity: 1.0,
            y_velocity: 0.0,
            z_velocity: 0.0,
            roll: 0.0,
            pitch: 0.0,
            yaw: 1.0471975803375244,
            roll_speed: 0.0,
            pitch_speed: 0.0,
            yaw_speed: 3.1415927410125732
        }
20:06:50: [INFO] [C:\Users\jason\Desktop\autonomy-bootcamp-2025-p2\modules\telemetry\telemetry.py | run | 125] Received ATTITUDE
20:06:50: [INFO] [C:\Users\jason\Desktop\autonomy-bootcamp-2025-p2\modules\telemetry\telemetry.py | run | 119] Received LOCAL_POSITION_NED
20:06:50: [INFO] [C:\Users\jason\Desktop\autonomy-bootcamp-2025-p2\modules\telemetry\telemetry.py | run | 145] Created TelemetryData
20:06:50: [INFO] [C:\Users\jason\Desktop\autonomy-bootcamp-2025-p2\modules\telemetry\telemetry_worker.py | telemetry_worker | 66] Sent telemetry data: {
            time_since_boot: 3000,
            x: 3.0,
            y: 0.0,
            z: 0.0,
            x_velocity: 1.0,
            y_velocity: 0.0,
            z_velocity: 0.0,
            roll: 0.0,
            pitch: 0.0,
            yaw: 2.094395160675049,
            roll_speed: 0.0,
            pitch_speed: 0.0,
            yaw_speed: 3.1415927410125732
        }
20:06:51: [INFO] [C:\Users\jason\Desktop\autonomy-bootcamp-2025-p2\modules\telemetry\telemetry.py | run | 125] Received ATTITUDE
20:06:51: [INFO] [C:\Users\jason\Desktop\autonomy-bootcamp-2025-p2\modules\telemetry\telemetry.py | run | 119] Received LOCAL_POSITION_NED
20:06:51: [INFO] [C:\Users\jason\Desktop\autonomy-bootcamp-2025-p2\modules\telemetry\telemetry.py | run | 145] Created TelemetryData
20:06:51: [INFO] [C:\Users\jason\Desktop\autonomy-bootcamp-2025-p2\modules\telemetry\telemetry_worker.py | telemetry_worker | 66] Sent telemetry data: {
            time_since_boot: 3501,
            x: 3.5,
            y: 0.0,
            z: 0.0,
            x_velocity: 1.0,
            y_velocity: 0.0,
            z_velocity: 0.0,
            roll: 0.0,
            pitch: 0.0,
            yaw: -2.094395160675049,
            roll_speed: 0.0,
            pitch_speed: 0.0,
            yaw_speed: 3.1415927410125732
        }
20:06:51: [INFO] [C:\Users\jason\Desktop\autonomy-bootcamp-2025-p2\modules\telemetry\telemetry.py | run | 125] Received ATTITUDE
20:06:51: [INFO] [C:\Users\jason\Desktop\autonomy-bootcamp-2025-p2\modules\telemetry\telemetry.py | run | 119] Received LOCAL_POSITION_NED
20:06:51: [INFO] [C:\Users\jason\Desktop\autonomy-bootcamp-2025-p2\modules\telemetry\telemetry.py | run | 145] Created TelemetryData
20:06:51: [INFO] [C:\Users\jason\Desktop\autonomy-bootcamp-2025-p2\modules\telemetry\telemetry_worker.py | telemetry_worker | 66] Sent telemetry data: {
            time_since_boot: 4000,
            x: 4.0,
            y: 0.0,
            z: 0.0,
            x_velocity: 1.0,
            y_velocity: 0.0,
            z_velocity: 0.0,
            roll: 0.0,
            pitch: 0.0,
            yaw: -1.0471975803375244,
            roll_speed: 0.0,
            pitch_speed: 0.0,
            yaw_speed: 3.1415927410125732
        }
20:06:52: [INFO] [C:\Users\jason\Desktop\autonomy-bootcamp-2025-p2\modules\telemetry\telemetry.py | run | 125] Received ATTITUDE
20:06:52: [INFO] [C:\Users\jason\Desktop\autonomy-bootcamp-2025-p2\modules\telemetry\telemetry.py | run | 119] Received LOCAL_POSITION_NED
20:06:52: [INFO] [C:\Users\jason\Desktop\autonomy-bootcamp-2025-p2\modules\telemetry\telemetry.py | run | 145] Created TelemetryData
20:06:52: [INFO] [C:\Users\jason\Desktop\autonomy-bootcamp-2025-p2\modules\telemetry\telemetry_worker.py | telemetry_worker | 66] Sent telemetry data: {
            time_since_boot: 4500,
            x: 4.5,
            y: 0.0,
            z: 0.0,
            x_velocity: 1.0,
            y_velocity: 0.0,
            z_velocity: 0.0,
            roll: 0.0,
            pitch: 0.0,
            yaw: 1.0471975803375244,
            roll_speed: 0.0,
            pitch_speed: 0.0,
            yaw_speed: 3.1415927410125732
        }
20:06:52: [INFO] [C:\Users\jason\Desktop\autonomy-bootcamp-2025-p2\modules\telemetry\telemetry.py | run | 125] Received ATTITUDE
20:06:53: [ERROR] [C:\Users\jason\Desktop\autonomy-bootcamp-2025-p2\modules\telemetry\telemetry.py | run | 149] Timeout: Did not receive both messages within 1 second
20:06:53: [WARNING] [C:\Users\jason\Desktop\autonomy-bootcamp-2025-p2\modules\telemetry\telemetry_worker.py | telemetry_worker | 68] Telemetry timeout, restarting
20:06:53: [INFO] [C:\Users\jason\Desktop\autonomy-bootcamp-2025-p2\modules\telemetry\telemetry.py | run | 125] Received ATTITUDE
20:06:54: [ERROR] [C:\Users\jason\Desktop\autonomy-bootcamp-2025-p2\modules\telemetry\telemetry.py | run | 149] Timeout: Did not receive both messages within 1 second
20:06:54: [WARNING] [C:\Users\jason\Desktop\autonomy-bootcamp-2025-p2\modules\telemetry\telemetry_worker.py | telemetry_worker | 68] Telemetry timeout, restarting
20:06:54: [INFO] [C:\Users\jason\Desktop\autonomy-bootcamp-2025-p2\modules\telemetry\telemetry.py | run | 119] Received LOCAL_POSITION_NED
20:06:55: [ERROR] [C:\Users\jason\Desktop\autonomy-bootcamp-2025-p2\modules\telemetry\telemetry.py | run | 149] Timeout: Did not receive both messages within 1 second
20:06:55: [WARNING] [C:\Users\jason\Desktop\autonomy-bootcamp-2025-p2\modules\telemetry\telemetry_worker.py | telemetry_worker | 68] Telemetry timeout, restarting
20:06:55: [INFO] [C:\Users\jason\Desktop\autonomy-bootcamp-2025-p2\modules\telemetry\telemetry.py | run | 125] Received ATTITUDE
20:06:55: [INFO] [C:\Users\jason\Desktop\autonomy-bootcamp-2025-p2\modules\telemetry\telemetry.py | run | 119] Received LOCAL_POSITION_NED
20:06:55: [INFO] [C:\Users\jason\Desktop\autonomy-bootcamp-2025-p2\modules\telemetry\telemetry.py | run | 145] Created TelemetryData
20:06:55: [INFO] [C:\Users\jason\Desktop\autonomy-bootcamp-2025-p2\modules\telemetry\telemetry_worker.py | telemetry_worker | 66] Sent telemetry data: {
            time_since_boot: 0,
            x: 0.0,
            y: 0.0,
            z: 0.0,
            x_velocity: 1.0,
            y_velocity: 0.0,
            z_velocity: 0.0,
            roll: 0.0,
            pitch: 0.0,
            yaw: 0.0,
            roll_speed: 0.0,
            pitch_speed: 0.0,
            yaw_speed: 3.1415927410125732
        }
20:06:56: [INFO] [C:\Users\jason\Desktop\autonomy-bootcamp-2025-p2\modules\telemetry\telemetry.py | run | 119] Received LOCAL_POSITION_NED
20:06:56: [INFO] [C:\Users\jason\Desktop\autonomy-bootcamp-2025-p2\modules\telemetry\telemetry.py | run | 125] Received ATTITUDE
20:06:56: [INFO] [C:\Users\jason\Desktop\autonomy-bootcamp-2025-p2\modules\telemetry\telemetry.py | run | 145] Created TelemetryData
20:06:56: [INFO] [C:\Users\jason\Desktop\autonomy-bootcamp-2025-p2\modules\telemetry\telemetry_worker.py | telemetry_worker | 66] Sent telemetry data: {
            time_since_boot: 512,
            x: 0.3333333432674408,
            y: 0.0,
            z: 0.0,
            x_velocity: 1.0,
            y_velocity: 0.0,
            z_velocity: 0.0,
            roll: 0.0,
            pitch: 0.0,
            yaw: 1.5707963705062866,
            roll_speed: 0.0,
            pitch_speed: 0.0,
            yaw_speed: 3.1415927410125732
        }
20:06:56: [INFO] [C:\Users\jason\Desktop\autonomy-bootcamp-2025-p2\modules\telemetry\telemetry.py | run | 119] Received LOCAL_POSITION_NED
20:06:56: [INFO] [C:\Users\jason\Desktop\autonomy-bootcamp-2025-p2\modules\telemetry\telemetry.py | run | 125] Received ATTITUDE
20:06:56: [INFO] [C:\Users\jason\Desktop\autonomy-bootcamp-2025-p2\modules\telemetry\telemetry.py | run | 145] Created TelemetryData
20:06:56: [INFO] [C:\Users\jason\Desktop\autonomy-bootcamp-2025-p2\modules\telemetry\telemetry_worker.py | telemetry_worker | 66] Sent telemetry data: {
            time_since_boot: 1000,
            x: 0.6666666865348816,
            y: 0.0,
            z: 0.0,
            x_velocity: 1.0,
            y_velocity: 0.0,
            z_velocity: 0.0,
            roll: 0.0,
            pitch: 0.0,
            yaw: 3.1415927410125732,
            roll_speed: 0.0,
            pitch_speed: 0.0,
            yaw_speed: 3.1415927410125732
        }
20:06:56: [INFO] [C:\Users\jason\Desktop\autonomy-bootcamp-2025-p2\modules\telemetry\telemetry.py | run | 119] Received LOCAL_POSITION_NED
20:06:57: [INFO] [C:\Users\jason\Desktop\autonomy-bootcamp-2025-p2\modules\telemetry\telemetry.py | run | 125] Received ATTITUDE
20:06:57: [INFO] [C:\Users\jason\Desktop\autonomy-bootcamp-2025-p2\modules\telemetry\telemetry.py | run | 145] Created TelemetryData
20:06:57: [INFO] [C:\Users\jason\Desktop\autonomy-bootcamp-2025-p2\modules\telemetry\telemetry_worker.py | telemetry_worker | 66] Sent telemetry data: {
            time_since_boot: 1502,
            x: 1.0,
            y: 0.0,
            z: 0.0,
            x_velocity: 1.0,
            y_velocity: 0.0,
            z_velocity: 0.0,
            roll: 0.0,
            pitch: 0.0,
            yaw: -1.5707963705062866,
            roll_speed: 0.0,
            pitch_speed: 0.0,
            yaw_speed: 3.1415927410125732
        }
20:06:57: [INFO] [C:\Users\jason\Desktop\autonomy-bootcamp-2025-p2\modules\telemetry\telemetry.py | run | 119] Received LOCAL_POSITION_NED
20:06:57: [INFO] [C:\Users\jason\Desktop\autonomy-bootcamp-2025-p2\modules\telemetry\telemetry.py | run | 125] Received ATTITUDE
20:06:57: [INFO] [C:\Users\jason\Desktop\autonomy-bootcamp-2025-p2\modules\telemetry\telemetry.py | run | 145] Created TelemetryData
20:06:57: [INFO] [C:\Users\jason\Desktop\autonomy-bootcamp-2025-p2\modules\telemetry\telemetry_worker.py | telemetry_worker | 66] Sent telemetry data: {
            time_since_boot: 2000,
            x: 1.6666666269302368,
            y: 0.0,
            z: 0.0,
            x_velocity: 1.0,
            y_velocity: 0.0,
            z_velocity: 0.0,
            roll: 0.0,
            pitch: 0.0,
            yaw: 0.0,
            roll_speed: 0.0,
            pitch_speed: 0.0,
            yaw_speed: 3.1415927410125732
        }
20:06:57: [INFO] [C:\Users\jason\Desktop\autonomy-bootcamp-2025-p2\modules\telemetry\telemetry.py | run | 119] Received LOCAL_POSITION_NED
20:06:58: [INFO] [C:\Users\jason\Desktop\autonomy-bootcamp-2025-p2\modules\telemetry\telemetry.py | run | 125] Received ATTITUDE
20:06:58: [INFO] [C:\Users\jason\Desktop\autonomy-bootcamp-2025-p2\modules\telemetry\telemetry.py | run | 145] Created TelemetryData
20:06:58: [INFO] [C:\Users\jason\Desktop\autonomy-bootcamp-2025-p2\modules\telemetry\telemetry_worker.py | telemetry_worker | 66] Sent telemetry data: {
            time_since_boot: 2505,
            x: 2.0,
            y: 0.0,
            z: 0.0,
            x_velocity: 1.0,
            y_velocity: 0.0,
            z_velocity: 0.0,
            roll: 0.0,
            pitch: 0.0,
            yaw: 1.5707963705062866,
            roll_speed: 0.0,
            pitch_speed: 0.0,
            yaw_speed: 3.1415927410125732
        }
20:06:58: [INFO] [C:\Users\jason\Desktop\autonomy-bootcamp-2025-p2\modules\telemetry\telemetry.py | run | 119] Received LOCAL_POSITION_NED
20:06:58: [INFO] [C:\Users\jason\Desktop\autonomy-bootcamp-2025-p2\modules\telemetry\telemetry.py | run | 125] Received ATTITUDE
20:06:58: [INFO] [C:\Users\jason\Desktop\autonomy-bootcamp-2025-p2\modules\telemetry\telemetry.py | run | 145] Created TelemetryData
20:06:58: [INFO] [C:\Users\jason\Desktop\autonomy-bootcamp-2025-p2\modules\telemetry\telemetry_worker.py | telemetry_worker | 66] Sent telemetry data: {
            time_since_boot: 3000,
            x: 2.6666667461395264,
            y: 0.0,
            z: 0.0,
            x_velocity: 1.0,
            y_velocity: 0.0,
            z_velocity: 0.0,
            roll: 0.0,
            pitch: 0.0,
            yaw: 3.1415927410125732,
            roll_speed: 0.0,
            pitch_speed: 0.0,
            yaw_speed: 3.1415927410125732
        }
20:06:58: [INFO] [C:\Users\jason\Desktop\autonomy-bootcamp-2025-p2\modules\telemetry\telemetry.py | run | 119] Received LOCAL_POSITION_NED
20:06:59: [INFO] [C:\Users\jason\Desktop\autonomy-bootcamp-2025-p2\modules\telemetry\telemetry.py | run | 125] Received ATTITUDE
20:06:59: [INFO] [C:\Users\jason\Desktop\autonomy-bootcamp-2025-p2\modules\telemetry\telemetry.py | run | 145] Created TelemetryData
20:06:59: [INFO] [C:\Users\jason\Desktop\autonomy-bootcamp-2025-p2\modules\telemetry\telemetry_worker.py | telemetry_worker | 66] Sent telemetry data: {
            time_since_boot: 3500,
            x: 3.0,
            y: 0.0,
            z: 0.0,
            x_velocity: 1.0,
            y_velocity: 0.0,
            z_velocity: 0.0,
            roll: 0.0,
            pitch: 0.0,
            yaw: -1.5707963705062866,
            roll_speed: 0.0,
            pitch_speed: 0.0,
            yaw_speed: 3.1415927410125732
        }
20:06:59: [INFO] [C:\Users\jason\Desktop\autonomy-bootcamp-2025-p2\modules\telemetry\telemetry.py | run | 119] Received LOCAL_POSITION_NED
20:06:59: [INFO] [C:\Users\jason\Desktop\autonomy-bootcamp-2025-p2\modules\telemetry\telemetry.py | run | 125] Received ATTITUDE
20:06:59: [INFO] [C:\Users\jason\Desktop\autonomy-bootcamp-2025-p2\modules\telemetry\telemetry.py | run | 145] Created TelemetryData
20:06:59: [INFO] [C:\Users\jason\Desktop\autonomy-bootcamp-2025-p2\modules\telemetry\telemetry_worker.py | telemetry_worker | 66] Sent telemetry data: {
            time_since_boot: 4000,
            x: 3.6666667461395264,
            y: 0.0,
            z: 0.0,
            x_velocity: 1.0,
            y_velocity: 0.0,
            z_velocity: 0.0,
            roll: 0.0,
            pitch: 0.0,
            yaw: 0.0,
            roll_speed: 0.0,
            pitch_speed: 0.0,
            yaw_speed: 3.1415927410125732
        }
20:06:59: [INFO] [C:\Users\jason\Desktop\autonomy-bootcamp-2025-p2\modules\telemetry\telemetry.py | run | 119] Received LOCAL_POSITION_NED
20:07:00: [INFO] [C:\Users\jason\Desktop\autonomy-bootcamp-2025-p2\modules\telemetry\telemetry.py | run | 125] Received ATTITUDE
20:07:00: [INFO] [C:\Users\jason\Desktop\autonomy-bootcamp-2025-p2\modules\telemetry\telemetry.py | run | 145] Created TelemetryData
20:07:00: [INFO] [C:\Users\jason\Desktop\autonomy-bootcamp-2025-p2\modules\telemetry\telemetry_worker.py | telemetry_worker | 66] Sent telemetry data: {
            time_since_boot: 4501,
            x: 4.0,
            y: 0.0,
            z: 0.0,
            x_velocity: 1.0,
            y_velocity: 0.0,
            z_velocity: 0.0,
            roll: 0.0,
            pitch: 0.0,
            yaw: 1.5707963705062866,
            roll_speed: 0.0,
            pitch_speed: 0.0,
            yaw_speed: 3.1415927410125732
        }
20:07:00: [INFO] [C:\Users\jason\Desktop\autonomy-bootcamp-2025-p2\modules\telemetry\telemetry.py | run | 119] Received LOCAL_POSITION_NED
20:07:01: [ERROR] [C:\Users\jason\Desktop\autonomy-bootcamp-2025-p2\modules\telemetry\telemetry.py | run | 149] Timeout: Did not receive both messages within 1 second
20:07:01: [WARNING] [C:\Users\jason\Desktop\autonomy-bootcamp-2025-p2\modules\telemetry\telemetry_worker.py | telemetry_worker | 68] Telemetry timeout, restarting
