01:58:47: [INFO] [C:\Users\jason\Desktop\autonomy-bootcamp-2025-p2\modules\telemetry\telemetry_worker.py | telemetry_worker | 47] Logger initialized
01:58:47: [INFO] [C:\Users\jason\Desktop\autonomy-bootcamp-2025-p2\modules\telemetry\telemetry_worker.py | telemetry_worker | 58] Telemetry created
01:58:47: [INFO] [C:\Users\jason\Desktop\autonomy-bootcamp-2025-p2\modules\telemetry\telemetry.py | run | 119] Received LOCAL_POSITION_NED
01:58:47: [INFO] [C:\Users\jason\Desktop\autonomy-bootcamp-2025-p2\modules\telemetry\telemetry.py | run | 126] Received ATTITUDE
01:58:47: [INFO] [C:\Users\jason\Desktop\autonomy-bootcamp-2025-p2\modules\telemetry\telemetry.py | run | 146] Created TelemetryData
01:58:47: [INFO] [C:\Users\jason\Desktop\autonomy-bootcamp-2025-p2\modules\telemetry\telemetry_worker.py | telemetry_worker | 66] Sent telemetry data: {
            time_since_boot: 0,
            x: 0.0,
            y: 0.0,
            z: 0.0,
            x_velocity: 1.0,
            y_velocity: 0.0,
            z_velocity: 0.0,
            roll: 0.0,
            pitch: 0.0,
            yaw: 1.0471975803375244,
            roll_speed: 0.0,
            pitch_speed: 0.0,
            yaw_speed: 3.1415927410125732
        }
01:58:47: [INFO] [C:\Users\jason\Desktop\autonomy-bootcamp-2025-p2\modules\telemetry\telemetry.py | run | 119] Received LOCAL_POSITION_NED
01:58:48: [INFO] [C:\Users\jason\Desktop\autonomy-bootcamp-2025-p2\modules\telemetry\telemetry.py | run | 126] Received ATTITUDE
01:58:48: [INFO] [C:\Users\jason\Desktop\autonomy-bootcamp-2025-p2\modules\telemetry\telemetry.py | run | 146] Created TelemetryData
01:58:48: [INFO] [C:\Users\jason\Desktop\autonomy-bootcamp-2025-p2\modules\telemetry\telemetry_worker.py | telemetry_worker | 66] Sent telemetry data: {
            time_since_boot: 505,
            x: 0.5,
            y: 0.0,
            z: 0.0,
            x_velocity: 1.0,
            y_velocity: 0.0,
            z_velocity: 0.0,
            roll: 0.0,
            pitch: 0.0,
            yaw: 2.094395160675049,
            roll_speed: 0.0,
            pitch_speed: 0.0,
            yaw_speed: 3.1415927410125732
        }
01:58:48: [INFO] [C:\Users\jason\Desktop\autonomy-bootcamp-2025-p2\modules\telemetry\telemetry.py | run | 119] Received LOCAL_POSITION_NED
01:58:48: [INFO] [C:\Users\jason\Desktop\autonomy-bootcamp-2025-p2\modules\telemetry\telemetry.py | run | 126] Received ATTITUDE
01:58:48: [INFO] [C:\Users\jason\Desktop\autonomy-bootcamp-2025-p2\modules\telemetry\telemetry.py | run | 146] Created TelemetryData
01:58:48: [INFO] [C:\Users\jason\Desktop\autonomy-bootcamp-2025-p2\modules\telemetry\telemetry_worker.py | telemetry_worker | 66] Sent telemetry data: {
            time_since_boot: 1000,
            x: 1.0,
            y: 0.0,
            z: 0.0,
            x_velocity: 1.0,
            y_velocity: 0.0,
            z_velocity: 0.0,
            roll: 0.0,
            pitch: 0.0,
            yaw: -2.094395160675049,
            roll_speed: 0.0,
            pitch_speed: 0.0,
            yaw_speed: 3.1415927410125732
        }
01:58:48: [INFO] [C:\Users\jason\Desktop\autonomy-bootcamp-2025-p2\modules\telemetry\telemetry.py | run | 119] Received LOCAL_POSITION_NED
01:58:49: [INFO] [C:\Users\jason\Desktop\autonomy-bootcamp-2025-p2\modules\telemetry\telemetry.py | run | 126] Received ATTITUDE
01:58:49: [INFO] [C:\Users\jason\Desktop\autonomy-bootcamp-2025-p2\modules\telemetry\telemetry.py | run | 146] Created TelemetryData
01:58:49: [INFO] [C:\Users\jason\Desktop\autonomy-bootcamp-2025-p2\modules\telemetry\telemetry_worker.py | telemetry_worker | 66] Sent telemetry data: {
            time_since_boot: 1500,
            x: 1.5,
            y: 0.0,
            z: 0.0,
            x_velocity: 1.0,
            y_velocity: 0.0,
            z_velocity: 0.0,
            roll: 0.0,
            pitch: 0.0,
            yaw: -1.0471975803375244,
            roll_speed: 0.0,
            pitch_speed: 0.0,
            yaw_speed: 3.1415927410125732
        }
01:58:49: [INFO] [C:\Users\jason\Desktop\autonomy-bootcamp-2025-p2\modules\telemetry\telemetry.py | run | 119] Received LOCAL_POSITION_NED
01:58:49: [INFO] [C:\Users\jason\Desktop\autonomy-bootcamp-2025-p2\modules\telemetry\telemetry.py | run | 126] Received ATTITUDE
01:58:49: [INFO] [C:\Users\jason\Desktop\autonomy-bootcamp-2025-p2\modules\telemetry\telemetry.py | run | 146] Created TelemetryData
01:58:49: [INFO] [C:\Users\jason\Desktop\autonomy-bootcamp-2025-p2\modules\telemetry\telemetry_worker.py | telemetry_worker | 66] Sent telemetry data: {
            time_since_boot: 2000,
            x: 2.0,
            y: 0.0,
            z: 0.0,
            x_velocity: 1.0,
            y_velocity: 0.0,
            z_velocity: 0.0,
            roll: 0.0,
            pitch: 0.0,
            yaw: 1.0471975803375244,
            roll_speed: 0.0,
            pitch_speed: 0.0,
            yaw_speed: 3.1415927410125732
        }
01:58:49: [INFO] [C:\Users\jason\Desktop\autonomy-bootcamp-2025-p2\modules\telemetry\telemetry.py | run | 119] Received LOCAL_POSITION_NED
01:58:50: [INFO] [C:\Users\jason\Desktop\autonomy-bootcamp-2025-p2\modules\telemetry\telemetry.py | run | 126] Received ATTITUDE
01:58:50: [INFO] [C:\Users\jason\Desktop\autonomy-bootcamp-2025-p2\modules\telemetry\telemetry.py | run | 146] Created TelemetryData
01:58:50: [INFO] [C:\Users\jason\Desktop\autonomy-bootcamp-2025-p2\modules\telemetry\telemetry_worker.py | telemetry_worker | 66] Sent telemetry data: {
            time_since_boot: 2504,
            x: 2.5,
            y: 0.0,
            z: 0.0,
            x_velocity: 1.0,
            y_velocity: 0.0,
            z_velocity: 0.0,
            roll: 0.0,
            pitch: 0.0,
            yaw: 2.094395160675049,
            roll_speed: 0.0,
            pitch_speed: 0.0,
            yaw_speed: 3.1415927410125732
        }
01:58:50: [INFO] [C:\Users\jason\Desktop\autonomy-bootcamp-2025-p2\modules\telemetry\telemetry.py | run | 119] Received LOCAL_POSITION_NED
01:58:50: [INFO] [C:\Users\jason\Desktop\autonomy-bootcamp-2025-p2\modules\telemetry\telemetry.py | run | 126] Received ATTITUDE
01:58:50: [INFO] [C:\Users\jason\Desktop\autonomy-bootcamp-2025-p2\modules\telemetry\telemetry.py | run | 146] Created TelemetryData
01:58:50: [INFO] [C:\Users\jason\Desktop\autonomy-bootcamp-2025-p2\modules\telemetry\telemetry_worker.py | telemetry_worker | 66] Sent telemetry data: {
            time_since_boot: 3000,
            x: 3.0,
            y: 0.0,
            z: 0.0,
            x_velocity: 1.0,
            y_velocity: 0.0,
            z_velocity: 0.0,
            roll: 0.0,
            pitch: 0.0,
            yaw: -2.094395160675049,
            roll_speed: 0.0,
            pitch_speed: 0.0,
            yaw_speed: 3.1415927410125732
        }
01:58:50: [INFO] [C:\Users\jason\Desktop\autonomy-bootcamp-2025-p2\modules\telemetry\telemetry.py | run | 119] Received LOCAL_POSITION_NED
01:58:51: [INFO] [C:\Users\jason\Desktop\autonomy-bootcamp-2025-p2\modules\telemetry\telemetry.py | run | 126] Received ATTITUDE
01:58:51: [INFO] [C:\Users\jason\Desktop\autonomy-bootcamp-2025-p2\modules\telemetry\telemetry.py | run | 146] Created TelemetryData
01:58:51: [INFO] [C:\Users\jason\Desktop\autonomy-bootcamp-2025-p2\modules\telemetry\telemetry_worker.py | telemetry_worker | 66] Sent telemetry data: {
            time_since_boot: 3502,
            x: 3.5,
            y: 0.0,
            z: 0.0,
            x_velocity: 1.0,
            y_velocity: 0.0,
            z_velocity: 0.0,
            roll: 0.0,
            pitch: 0.0,
            yaw: -1.0471975803375244,
            roll_speed: 0.0,
            pitch_speed: 0.0,
            yaw_speed: 3.1415927410125732
        }
01:58:51: [INFO] [C:\Users\jason\Desktop\autonomy-bootcamp-2025-p2\modules\telemetry\telemetry.py | run | 119] Received LOCAL_POSITION_NED
01:58:51: [INFO] [C:\Users\jason\Desktop\autonomy-bootcamp-2025-p2\modules\telemetry\telemetry.py | run | 126] Received ATTITUDE
01:58:51: [INFO] [C:\Users\jason\Desktop\autonomy-bootcamp-2025-p2\modules\telemetry\telemetry.py | run | 146] Created TelemetryData
01:58:51: [INFO] [C:\Users\jason\Desktop\autonomy-bootcamp-2025-p2\modules\telemetry\telemetry_worker.py | telemetry_worker | 66] Sent telemetry data: {
            time_since_boot: 4000,
            x: 4.0,
            y: 0.0,
            z: 0.0,
            x_velocity: 1.0,
            y_velocity: 0.0,
            z_velocity: 0.0,
            roll: 0.0,
            pitch: 0.0,
            yaw: 1.0471975803375244,
            roll_speed: 0.0,
            pitch_speed: 0.0,
            yaw_speed: 3.1415927410125732
        }
01:58:51: [INFO] [C:\Users\jason\Desktop\autonomy-bootcamp-2025-p2\modules\telemetry\telemetry.py | run | 119] Received LOCAL_POSITION_NED
01:58:52: [INFO] [C:\Users\jason\Desktop\autonomy-bootcamp-2025-p2\modules\telemetry\telemetry.py | run | 126] Received ATTITUDE
01:58:52: [INFO] [C:\Users\jason\Desktop\autonomy-bootcamp-2025-p2\modules\telemetry\telemetry.py | run | 146] Created TelemetryData
01:58:52: [INFO] [C:\Users\jason\Desktop\autonomy-bootcamp-2025-p2\modules\telemetry\telemetry_worker.py | telemetry_worker | 66] Sent telemetry data: {
            time_since_boot: 4502,
            x: 4.5,
            y: 0.0,
            z: 0.0,
            x_velocity: 1.0,
            y_velocity: 0.0,
            z_velocity: 0.0,
            roll: 0.0,
            pitch: 0.0,
            yaw: 2.094395160675049,
            roll_speed: 0.0,
            pitch_speed: 0.0,
            yaw_speed: 3.1415927410125732
        }
01:58:53: [ERROR] [C:\Users\jason\Desktop\autonomy-bootcamp-2025-p2\modules\telemetry\telemetry.py | run | 152] Timeout: Did not receive both messages within 1 second
01:58:53: [WARNING] [C:\Users\jason\Desktop\autonomy-bootcamp-2025-p2\modules\telemetry\telemetry_worker.py | telemetry_worker | 68] Telemetry timeout, restarting
01:58:54: [ERROR] [C:\Users\jason\Desktop\autonomy-bootcamp-2025-p2\modules\telemetry\telemetry.py | run | 152] Timeout: Did not receive both messages within 1 second
01:58:54: [WARNING] [C:\Users\jason\Desktop\autonomy-bootcamp-2025-p2\modules\telemetry\telemetry_worker.py | telemetry_worker | 68] Telemetry timeout, restarting
01:58:54: [INFO] [C:\Users\jason\Desktop\autonomy-bootcamp-2025-p2\modules\telemetry\telemetry.py | run | 119] Received LOCAL_POSITION_NED
01:58:55: [ERROR] [C:\Users\jason\Desktop\autonomy-bootcamp-2025-p2\modules\telemetry\telemetry.py | run | 152] Timeout: Did not receive both messages within 1 second
01:58:55: [WARNING] [C:\Users\jason\Desktop\autonomy-bootcamp-2025-p2\modules\telemetry\telemetry_worker.py | telemetry_worker | 68] Telemetry timeout, restarting
01:58:55: [INFO] [C:\Users\jason\Desktop\autonomy-bootcamp-2025-p2\modules\telemetry\telemetry.py | run | 119] Received LOCAL_POSITION_NED
01:58:55: [INFO] [C:\Users\jason\Desktop\autonomy-bootcamp-2025-p2\modules\telemetry\telemetry.py | run | 126] Received ATTITUDE
01:58:55: [INFO] [C:\Users\jason\Desktop\autonomy-bootcamp-2025-p2\modules\telemetry\telemetry.py | run | 146] Created TelemetryData
01:58:55: [INFO] [C:\Users\jason\Desktop\autonomy-bootcamp-2025-p2\modules\telemetry\telemetry_worker.py | telemetry_worker | 66] Sent telemetry data: {
            time_since_boot: 0,
            x: 0.0,
            y: 0.0,
            z: 0.0,
            x_velocity: 1.0,
            y_velocity: 0.0,
            z_velocity: 0.0,
            roll: 0.0,
            pitch: 0.0,
            yaw: 1.5707963705062866,
            roll_speed: 0.0,
            pitch_speed: 0.0,
            yaw_speed: 3.1415927410125732
        }
01:58:56: [INFO] [C:\Users\jason\Desktop\autonomy-bootcamp-2025-p2\modules\telemetry\telemetry.py | run | 119] Received LOCAL_POSITION_NED
01:58:56: [INFO] [C:\Users\jason\Desktop\autonomy-bootcamp-2025-p2\modules\telemetry\telemetry.py | run | 126] Received ATTITUDE
01:58:56: [INFO] [C:\Users\jason\Desktop\autonomy-bootcamp-2025-p2\modules\telemetry\telemetry.py | run | 146] Created TelemetryData
01:58:56: [INFO] [C:\Users\jason\Desktop\autonomy-bootcamp-2025-p2\modules\telemetry\telemetry_worker.py | telemetry_worker | 66] Sent telemetry data: {
            time_since_boot: 674,
            x: 0.6666666865348816,
            y: 0.0,
            z: 0.0,
            x_velocity: 1.0,
            y_velocity: 0.0,
            z_velocity: 0.0,
            roll: 0.0,
            pitch: 0.0,
            yaw: 3.1415927410125732,
            roll_speed: 0.0,
            pitch_speed: 0.0,
            yaw_speed: 3.1415927410125732
        }
01:58:56: [INFO] [C:\Users\jason\Desktop\autonomy-bootcamp-2025-p2\modules\telemetry\telemetry.py | run | 119] Received LOCAL_POSITION_NED
01:58:56: [INFO] [C:\Users\jason\Desktop\autonomy-bootcamp-2025-p2\modules\telemetry\telemetry.py | run | 126] Received ATTITUDE
01:58:56: [INFO] [C:\Users\jason\Desktop\autonomy-bootcamp-2025-p2\modules\telemetry\telemetry.py | run | 146] Created TelemetryData
01:58:56: [INFO] [C:\Users\jason\Desktop\autonomy-bootcamp-2025-p2\modules\telemetry\telemetry_worker.py | telemetry_worker | 66] Sent telemetry data: {
            time_since_boot: 1000,
            x: 1.0,
            y: 0.0,
            z: 0.0,
            x_velocity: 1.0,
            y_velocity: 0.0,
            z_velocity: 0.0,
            roll: 0.0,
            pitch: 0.0,
            yaw: -1.5707963705062866,
            roll_speed: 0.0,
            pitch_speed: 0.0,
            yaw_speed: 3.1415927410125732
        }
01:58:57: [INFO] [C:\Users\jason\Desktop\autonomy-bootcamp-2025-p2\modules\telemetry\telemetry.py | run | 119] Received LOCAL_POSITION_NED
01:58:57: [INFO] [C:\Users\jason\Desktop\autonomy-bootcamp-2025-p2\modules\telemetry\telemetry.py | run | 126] Received ATTITUDE
01:58:57: [INFO] [C:\Users\jason\Desktop\autonomy-bootcamp-2025-p2\modules\telemetry\telemetry.py | run | 146] Created TelemetryData
01:58:57: [INFO] [C:\Users\jason\Desktop\autonomy-bootcamp-2025-p2\modules\telemetry\telemetry_worker.py | telemetry_worker | 66] Sent telemetry data: {
            time_since_boot: 1674,
            x: 1.6666666269302368,
            y: 0.0,
            z: 0.0,
            x_velocity: 1.0,
            y_velocity: 0.0,
            z_velocity: 0.0,
            roll: 0.0,
            pitch: 0.0,
            yaw: 0.0,
            roll_speed: 0.0,
            pitch_speed: 0.0,
            yaw_speed: 3.1415927410125732
        }
01:58:57: [INFO] [C:\Users\jason\Desktop\autonomy-bootcamp-2025-p2\modules\telemetry\telemetry.py | run | 119] Received LOCAL_POSITION_NED
01:58:57: [INFO] [C:\Users\jason\Desktop\autonomy-bootcamp-2025-p2\modules\telemetry\telemetry.py | run | 126] Received ATTITUDE
01:58:57: [INFO] [C:\Users\jason\Desktop\autonomy-bootcamp-2025-p2\modules\telemetry\telemetry.py | run | 146] Created TelemetryData
01:58:57: [INFO] [C:\Users\jason\Desktop\autonomy-bootcamp-2025-p2\modules\telemetry\telemetry_worker.py | telemetry_worker | 66] Sent telemetry data: {
            time_since_boot: 2000,
            x: 2.0,
            y: 0.0,
            z: 0.0,
            x_velocity: 1.0,
            y_velocity: 0.0,
            z_velocity: 0.0,
            roll: 0.0,
            pitch: 0.0,
            yaw: 1.5707963705062866,
            roll_speed: 0.0,
            pitch_speed: 0.0,
            yaw_speed: 3.1415927410125732
        }
01:58:58: [INFO] [C:\Users\jason\Desktop\autonomy-bootcamp-2025-p2\modules\telemetry\telemetry.py | run | 119] Received LOCAL_POSITION_NED
01:58:58: [INFO] [C:\Users\jason\Desktop\autonomy-bootcamp-2025-p2\modules\telemetry\telemetry.py | run | 126] Received ATTITUDE
01:58:58: [INFO] [C:\Users\jason\Desktop\autonomy-bootcamp-2025-p2\modules\telemetry\telemetry.py | run | 146] Created TelemetryData
01:58:58: [INFO] [C:\Users\jason\Desktop\autonomy-bootcamp-2025-p2\modules\telemetry\telemetry_worker.py | telemetry_worker | 66] Sent telemetry data: {
            time_since_boot: 2667,
            x: 2.6666667461395264,
            y: 0.0,
            z: 0.0,
            x_velocity: 1.0,
            y_velocity: 0.0,
            z_velocity: 0.0,
            roll: 0.0,
            pitch: 0.0,
            yaw: 3.1415927410125732,
            roll_speed: 0.0,
            pitch_speed: 0.0,
            yaw_speed: 3.1415927410125732
        }
01:58:58: [INFO] [C:\Users\jason\Desktop\autonomy-bootcamp-2025-p2\modules\telemetry\telemetry.py | run | 119] Received LOCAL_POSITION_NED
01:58:58: [INFO] [C:\Users\jason\Desktop\autonomy-bootcamp-2025-p2\modules\telemetry\telemetry.py | run | 126] Received ATTITUDE
01:58:58: [INFO] [C:\Users\jason\Desktop\autonomy-bootcamp-2025-p2\modules\telemetry\telemetry.py | run | 146] Created TelemetryData
01:58:58: [INFO] [C:\Users\jason\Desktop\autonomy-bootcamp-2025-p2\modules\telemetry\telemetry_worker.py | telemetry_worker | 66] Sent telemetry data: {
            time_since_boot: 3000,
            x: 3.0,
            y: 0.0,
            z: 0.0,
            x_velocity: 1.0,
            y_velocity: 0.0,
            z_velocity: 0.0,
            roll: 0.0,
            pitch: 0.0,
            yaw: -1.5707963705062866,
            roll_speed: 0.0,
            pitch_speed: 0.0,
            yaw_speed: 3.1415927410125732
        }
01:58:59: [INFO] [C:\Users\jason\Desktop\autonomy-bootcamp-2025-p2\modules\telemetry\telemetry.py | run | 119] Received LOCAL_POSITION_NED
01:58:59: [INFO] [C:\Users\jason\Desktop\autonomy-bootcamp-2025-p2\modules\telemetry\telemetry.py | run | 126] Received ATTITUDE
01:58:59: [INFO] [C:\Users\jason\Desktop\autonomy-bootcamp-2025-p2\modules\telemetry\telemetry.py | run | 146] Created TelemetryData
01:58:59: [INFO] [C:\Users\jason\Desktop\autonomy-bootcamp-2025-p2\modules\telemetry\telemetry_worker.py | telemetry_worker | 66] Sent telemetry data: {
            time_since_boot: 3667,
            x: 3.6666667461395264,
            y: 0.0,
            z: 0.0,
            x_velocity: 1.0,
            y_velocity: 0.0,
            z_velocity: 0.0,
            roll: 0.0,
            pitch: 0.0,
            yaw: 0.0,
            roll_speed: 0.0,
            pitch_speed: 0.0,
            yaw_speed: 3.1415927410125732
        }
01:58:59: [INFO] [C:\Users\jason\Desktop\autonomy-bootcamp-2025-p2\modules\telemetry\telemetry.py | run | 119] Received LOCAL_POSITION_NED
01:58:59: [INFO] [C:\Users\jason\Desktop\autonomy-bootcamp-2025-p2\modules\telemetry\telemetry.py | run | 126] Received ATTITUDE
01:58:59: [INFO] [C:\Users\jason\Desktop\autonomy-bootcamp-2025-p2\modules\telemetry\telemetry.py | run | 146] Created TelemetryData
01:58:59: [INFO] [C:\Users\jason\Desktop\autonomy-bootcamp-2025-p2\modules\telemetry\telemetry_worker.py | telemetry_worker | 66] Sent telemetry data: {
            time_since_boot: 4000,
            x: 4.0,
            y: 0.0,
            z: 0.0,
            x_velocity: 1.0,
            y_velocity: 0.0,
            z_velocity: 0.0,
            roll: 0.0,
            pitch: 0.0,
            yaw: 1.5707963705062866,
            roll_speed: 0.0,
            pitch_speed: 0.0,
            yaw_speed: 3.1415927410125732
        }
01:59:00: [INFO] [C:\Users\jason\Desktop\autonomy-bootcamp-2025-p2\modules\telemetry\telemetry.py | run | 119] Received LOCAL_POSITION_NED
01:59:00: [ERROR] [C:\Users\jason\Desktop\autonomy-bootcamp-2025-p2\modules\telemetry\telemetry.py | run | 152] Timeout: Did not receive both messages within 1 second
01:59:00: [WARNING] [C:\Users\jason\Desktop\autonomy-bootcamp-2025-p2\modules\telemetry\telemetry_worker.py | telemetry_worker | 68] Telemetry timeout, restarting
